<?xml version="1.0" encoding="UTF-8"?>
<testsuite name="swmaestro.revivers.cashface.interfaces.UserControllerTests" tests="3" skipped="0" failures="0" errors="0" timestamp="2020-09-09T07:37:15" hostname="MacBook-Pro-2.local" time="0.179">
  <properties/>
  <testcase name="getTotalPointsOfNotExistingUser()" classname="swmaestro.revivers.cashface.interfaces.UserControllerTests" time="0.06"/>
  <testcase name="getTotalPoints()" classname="swmaestro.revivers.cashface.interfaces.UserControllerTests" time="0.032"/>
  <testcase name="create()" classname="swmaestro.revivers.cashface.interfaces.UserControllerTests" time="0.086"/>
  <system-out><![CDATA[2020-09-09 16:37:15.186  INFO 81798 --- [    Test worker] .b.t.a.w.s.WebMvcTestContextBootstrapper : Neither @ContextConfiguration nor @ContextHierarchy found for test class [swmaestro.revivers.cashface.interfaces.UserControllerTests], using SpringBootContextLoader
2020-09-09 16:37:15.188  INFO 81798 --- [    Test worker] o.s.t.c.support.AbstractContextLoader    : Could not detect default resource locations for test class [swmaestro.revivers.cashface.interfaces.UserControllerTests]: no resource found for suffixes {-context.xml, Context.groovy}.
2020-09-09 16:37:15.189  INFO 81798 --- [    Test worker] t.c.s.AnnotationConfigContextLoaderUtils : Could not detect default configuration classes for test class [swmaestro.revivers.cashface.interfaces.UserControllerTests]: UserControllerTests does not declare any static, non-private, non-final, nested classes annotated with @Configuration.
2020-09-09 16:37:15.210  INFO 81798 --- [    Test worker] .b.t.c.SpringBootTestContextBootstrapper : Found @SpringBootConfiguration swmaestro.revivers.cashface.CashfaceApplication for test class swmaestro.revivers.cashface.interfaces.UserControllerTests
2020-09-09 16:37:15.211  INFO 81798 --- [    Test worker] .b.t.a.w.s.WebMvcTestContextBootstrapper : Loaded default TestExecutionListener class names from location [META-INF/spring.factories]: [org.springframework.boot.test.autoconfigure.restdocs.RestDocsTestExecutionListener, org.springframework.boot.test.autoconfigure.web.client.MockRestServiceServerResetTestExecutionListener, org.springframework.boot.test.autoconfigure.web.servlet.MockMvcPrintOnlyOnFailureTestExecutionListener, org.springframework.boot.test.autoconfigure.web.servlet.WebDriverTestExecutionListener, org.springframework.boot.test.autoconfigure.webservices.client.MockWebServiceServerTestExecutionListener, org.springframework.boot.test.mock.mockito.MockitoTestExecutionListener, org.springframework.boot.test.mock.mockito.ResetMocksTestExecutionListener, org.springframework.test.context.web.ServletTestExecutionListener, org.springframework.test.context.support.DirtiesContextBeforeModesTestExecutionListener, org.springframework.test.context.support.DependencyInjectionTestExecutionListener, org.springframework.test.context.support.DirtiesContextTestExecutionListener, org.springframework.test.context.transaction.TransactionalTestExecutionListener, org.springframework.test.context.jdbc.SqlScriptsTestExecutionListener, org.springframework.test.context.event.EventPublishingTestExecutionListener]
2020-09-09 16:37:15.211  INFO 81798 --- [    Test worker] .b.t.a.w.s.WebMvcTestContextBootstrapper : Using TestExecutionListeners: [org.springframework.test.context.web.ServletTestExecutionListener@3cd8a8e3, org.springframework.test.context.support.DirtiesContextBeforeModesTestExecutionListener@69fb8ca0, org.springframework.boot.test.mock.mockito.MockitoTestExecutionListener@12a70d15, org.springframework.boot.test.autoconfigure.SpringBootDependencyInjectionTestExecutionListener@4d49761b, org.springframework.test.context.support.DirtiesContextTestExecutionListener@342f50e1, org.springframework.test.context.transaction.TransactionalTestExecutionListener@1845448, org.springframework.test.context.jdbc.SqlScriptsTestExecutionListener@2be12ec8, org.springframework.test.context.event.EventPublishingTestExecutionListener@2d1e7c01, org.springframework.boot.test.autoconfigure.restdocs.RestDocsTestExecutionListener@6378891b, org.springframework.boot.test.autoconfigure.web.client.MockRestServiceServerResetTestExecutionListener@40fda728, org.springframework.boot.test.autoconfigure.web.servlet.MockMvcPrintOnlyOnFailureTestExecutionListener@62485691, org.springframework.boot.test.autoconfigure.web.servlet.WebDriverTestExecutionListener@3c68d0ad, org.springframework.boot.test.autoconfigure.webservices.client.MockWebServiceServerTestExecutionListener@1b7fa66a, org.springframework.boot.test.mock.mockito.ResetMocksTestExecutionListener@361696ca]

  .   ____          _            __ _ _
 /\\ / ___'_ __ _ _(_)_ __  __ _ \ \ \ \
( ( )\___ | '_ | '_| | '_ \/ _` | \ \ \ \
 \\/  ___)| |_)| | | | | || (_| |  ) ) ) )
  '  |____| .__|_| |_|_| |_\__, | / / / /
 =========|_|==============|___/=/_/_/_/
 :: Spring Boot ::        (v2.3.3.RELEASE)

2020-09-09 16:37:15.244  INFO 81798 --- [    Test worker] s.r.c.interfaces.UserControllerTests     : Starting UserControllerTests on MacBook-Pro-2.local with PID 81798 (started by stevejaehyeokkim in /Users/stevejaehyeokkim/Desktop/Workspace/java-spring/cashface-api)
2020-09-09 16:37:15.244  INFO 81798 --- [    Test worker] s.r.c.interfaces.UserControllerTests     : The following profiles are active: test
2020-09-09 16:37:15.497  INFO 81798 --- [    Test worker] .s.s.UserDetailsServiceAutoConfiguration : 

Using generated security password: 32fd81e2-48f4-4177-af27-8c833dd77132

2020-09-09 16:37:15.543  INFO 81798 --- [    Test worker] o.s.s.web.DefaultSecurityFilterChain     : Creating filter chain: any request, [org.springframework.security.web.context.request.async.WebAsyncManagerIntegrationFilter@3488b1a9, org.springframework.security.web.context.SecurityContextPersistenceFilter@602d819a, org.springframework.security.web.header.HeaderWriterFilter@2d90853a, org.springframework.security.web.authentication.logout.LogoutFilter@845484f, swmaestro.revivers.cashface.filters.JwtAuthenticationFilter@267520f7, org.springframework.security.web.savedrequest.RequestCacheAwareFilter@6d7a2177, org.springframework.security.web.servletapi.SecurityContextHolderAwareRequestFilter@44eac0b7, org.springframework.security.web.authentication.AnonymousAuthenticationFilter@6318fcd0, org.springframework.security.web.session.SessionManagementFilter@7596ba81, org.springframework.security.web.access.ExceptionTranslationFilter@7d6e168e]
2020-09-09 16:37:15.644  INFO 81798 --- [    Test worker] o.s.s.concurrent.ThreadPoolTaskExecutor  : Initializing ExecutorService 'applicationTaskExecutor'
2020-09-09 16:37:15.749  INFO 81798 --- [    Test worker] o.s.b.t.m.w.SpringBootMockServletContext : Initializing Spring TestDispatcherServlet ''
2020-09-09 16:37:15.750  INFO 81798 --- [    Test worker] o.s.t.web.servlet.TestDispatcherServlet  : Initializing Servlet ''
2020-09-09 16:37:15.759  INFO 81798 --- [    Test worker] o.s.t.web.servlet.TestDispatcherServlet  : Completed initialization in 9 ms
2020-09-09 16:37:15.771  INFO 81798 --- [    Test worker] s.r.c.interfaces.UserControllerTests     : Started UserControllerTests in 0.557 seconds (JVM running for 5.087)
]]></system-out>
  <system-err><![CDATA[]]></system-err>
</testsuite>
