<?xml version="1.0" encoding="UTF-8"?>
<testsuite name="swmaestro.revivers.cashface.interfaces.SessionControllerTests" tests="3" skipped="0" failures="0" errors="0" timestamp="2020-09-09T07:37:16" hostname="MacBook-Pro-2.local" time="0.02">
  <properties/>
  <testcase name="createWithValidAttributes()" classname="swmaestro.revivers.cashface.interfaces.SessionControllerTests" time="0.007"/>
  <testcase name="createdWithNotExistedEmail()" classname="swmaestro.revivers.cashface.interfaces.SessionControllerTests" time="0.005"/>
  <testcase name="createWithWrongPassword()" classname="swmaestro.revivers.cashface.interfaces.SessionControllerTests" time="0.006"/>
  <system-out><![CDATA[2020-09-09 16:37:16.475  INFO 81798 --- [    Test worker] .b.t.a.w.s.WebMvcTestContextBootstrapper : Neither @ContextConfiguration nor @ContextHierarchy found for test class [swmaestro.revivers.cashface.interfaces.SessionControllerTests], using SpringBootContextLoader
2020-09-09 16:37:16.475  INFO 81798 --- [    Test worker] o.s.t.c.support.AbstractContextLoader    : Could not detect default resource locations for test class [swmaestro.revivers.cashface.interfaces.SessionControllerTests]: no resource found for suffixes {-context.xml, Context.groovy}.
2020-09-09 16:37:16.476  INFO 81798 --- [    Test worker] t.c.s.AnnotationConfigContextLoaderUtils : Could not detect default configuration classes for test class [swmaestro.revivers.cashface.interfaces.SessionControllerTests]: SessionControllerTests does not declare any static, non-private, non-final, nested classes annotated with @Configuration.
2020-09-09 16:37:16.477  INFO 81798 --- [    Test worker] .b.t.c.SpringBootTestContextBootstrapper : Found @SpringBootConfiguration swmaestro.revivers.cashface.CashfaceApplication for test class swmaestro.revivers.cashface.interfaces.SessionControllerTests
2020-09-09 16:37:16.478  INFO 81798 --- [    Test worker] .b.t.a.w.s.WebMvcTestContextBootstrapper : Loaded default TestExecutionListener class names from location [META-INF/spring.factories]: [org.springframework.boot.test.autoconfigure.restdocs.RestDocsTestExecutionListener, org.springframework.boot.test.autoconfigure.web.client.MockRestServiceServerResetTestExecutionListener, org.springframework.boot.test.autoconfigure.web.servlet.MockMvcPrintOnlyOnFailureTestExecutionListener, org.springframework.boot.test.autoconfigure.web.servlet.WebDriverTestExecutionListener, org.springframework.boot.test.autoconfigure.webservices.client.MockWebServiceServerTestExecutionListener, org.springframework.boot.test.mock.mockito.MockitoTestExecutionListener, org.springframework.boot.test.mock.mockito.ResetMocksTestExecutionListener, org.springframework.test.context.web.ServletTestExecutionListener, org.springframework.test.context.support.DirtiesContextBeforeModesTestExecutionListener, org.springframework.test.context.support.DependencyInjectionTestExecutionListener, org.springframework.test.context.support.DirtiesContextTestExecutionListener, org.springframework.test.context.transaction.TransactionalTestExecutionListener, org.springframework.test.context.jdbc.SqlScriptsTestExecutionListener, org.springframework.test.context.event.EventPublishingTestExecutionListener]
2020-09-09 16:37:16.478  INFO 81798 --- [    Test worker] .b.t.a.w.s.WebMvcTestContextBootstrapper : Using TestExecutionListeners: [org.springframework.test.context.web.ServletTestExecutionListener@5e803c78, org.springframework.test.context.support.DirtiesContextBeforeModesTestExecutionListener@1128d70e, org.springframework.boot.test.mock.mockito.MockitoTestExecutionListener@74950e51, org.springframework.boot.test.autoconfigure.SpringBootDependencyInjectionTestExecutionListener@5582c3eb, org.springframework.test.context.support.DirtiesContextTestExecutionListener@abe56df, org.springframework.test.context.transaction.TransactionalTestExecutionListener@5d796021, org.springframework.test.context.jdbc.SqlScriptsTestExecutionListener@1c20a59, org.springframework.test.context.event.EventPublishingTestExecutionListener@421c0c11, org.springframework.boot.test.autoconfigure.restdocs.RestDocsTestExecutionListener@3aeca223, org.springframework.boot.test.autoconfigure.web.client.MockRestServiceServerResetTestExecutionListener@2c02a537, org.springframework.boot.test.autoconfigure.web.servlet.MockMvcPrintOnlyOnFailureTestExecutionListener@3d83f22c, org.springframework.boot.test.autoconfigure.web.servlet.WebDriverTestExecutionListener@1f5d0d09, org.springframework.boot.test.autoconfigure.webservices.client.MockWebServiceServerTestExecutionListener@407f597b, org.springframework.boot.test.mock.mockito.ResetMocksTestExecutionListener@796d675e]

  .   ____          _            __ _ _
 /\\ / ___'_ __ _ _(_)_ __  __ _ \ \ \ \
( ( )\___ | '_ | '_| | '_ \/ _` | \ \ \ \
 \\/  ___)| |_)| | | | | || (_| |  ) ) ) )
  '  |____| .__|_| |_|_| |_\__, | / / / /
 =========|_|==============|___/=/_/_/_/
 :: Spring Boot ::        (v2.3.3.RELEASE)

2020-09-09 16:37:16.497  INFO 81798 --- [    Test worker] s.r.c.interfaces.SessionControllerTests  : Starting SessionControllerTests on MacBook-Pro-2.local with PID 81798 (started by stevejaehyeokkim in /Users/stevejaehyeokkim/Desktop/Workspace/java-spring/cashface-api)
2020-09-09 16:37:16.497  INFO 81798 --- [    Test worker] s.r.c.interfaces.SessionControllerTests  : The following profiles are active: test
2020-09-09 16:37:16.671  INFO 81798 --- [    Test worker] .s.s.UserDetailsServiceAutoConfiguration : 

Using generated security password: 8d21fded-73aa-46e3-8b00-f542515dfcc1

2020-09-09 16:37:16.703  INFO 81798 --- [    Test worker] o.s.s.web.DefaultSecurityFilterChain     : Creating filter chain: any request, [org.springframework.security.web.context.request.async.WebAsyncManagerIntegrationFilter@75b60f9, org.springframework.security.web.context.SecurityContextPersistenceFilter@2b3592d, org.springframework.security.web.header.HeaderWriterFilter@598adc41, org.springframework.security.web.authentication.logout.LogoutFilter@e561c5a, swmaestro.revivers.cashface.filters.JwtAuthenticationFilter@3c2985f2, org.springframework.security.web.savedrequest.RequestCacheAwareFilter@4ec8e980, org.springframework.security.web.servletapi.SecurityContextHolderAwareRequestFilter@41af4ccc, org.springframework.security.web.authentication.AnonymousAuthenticationFilter@8855f32, org.springframework.security.web.session.SessionManagementFilter@58a1eda4, org.springframework.security.web.access.ExceptionTranslationFilter@b88e7fc]
2020-09-09 16:37:16.782  INFO 81798 --- [    Test worker] o.s.s.concurrent.ThreadPoolTaskExecutor  : Initializing ExecutorService 'applicationTaskExecutor'
2020-09-09 16:37:16.859  INFO 81798 --- [    Test worker] o.s.b.t.m.w.SpringBootMockServletContext : Initializing Spring TestDispatcherServlet ''
2020-09-09 16:37:16.859  INFO 81798 --- [    Test worker] o.s.t.web.servlet.TestDispatcherServlet  : Initializing Servlet ''
2020-09-09 16:37:16.862  INFO 81798 --- [    Test worker] o.s.t.web.servlet.TestDispatcherServlet  : Completed initialization in 3 ms
2020-09-09 16:37:16.870  INFO 81798 --- [    Test worker] s.r.c.interfaces.SessionControllerTests  : Started SessionControllerTests in 0.39 seconds (JVM running for 6.186)
]]></system-out>
  <system-err><![CDATA[]]></system-err>
</testsuite>
