<?xml version="1.0" encoding="UTF-8"?>
<testsuite name="swmaestro.revivers.cashface.interfaces.UserControllerTests" tests="3" skipped="0" failures="0" errors="0" timestamp="2020-09-12T15:15:39" hostname="MacBook-Pro-2.local" time="0.143">
  <properties/>
  <testcase name="getTotalPointsOfNotExistingUser()" classname="swmaestro.revivers.cashface.interfaces.UserControllerTests" time="0.057"/>
  <testcase name="getTotalPoints()" classname="swmaestro.revivers.cashface.interfaces.UserControllerTests" time="0.023"/>
  <testcase name="create()" classname="swmaestro.revivers.cashface.interfaces.UserControllerTests" time="0.061"/>
  <system-out><![CDATA[2020-09-13 00:15:39.523  INFO 88899 --- [    Test worker] .b.t.a.w.s.WebMvcTestContextBootstrapper : Neither @ContextConfiguration nor @ContextHierarchy found for test class [swmaestro.revivers.cashface.interfaces.UserControllerTests], using SpringBootContextLoader
2020-09-13 00:15:39.524  INFO 88899 --- [    Test worker] o.s.t.c.support.AbstractContextLoader    : Could not detect default resource locations for test class [swmaestro.revivers.cashface.interfaces.UserControllerTests]: no resource found for suffixes {-context.xml, Context.groovy}.
2020-09-13 00:15:39.525  INFO 88899 --- [    Test worker] t.c.s.AnnotationConfigContextLoaderUtils : Could not detect default configuration classes for test class [swmaestro.revivers.cashface.interfaces.UserControllerTests]: UserControllerTests does not declare any static, non-private, non-final, nested classes annotated with @Configuration.
2020-09-13 00:15:39.536  INFO 88899 --- [    Test worker] .b.t.c.SpringBootTestContextBootstrapper : Found @SpringBootConfiguration swmaestro.revivers.cashface.CashfaceApplication for test class swmaestro.revivers.cashface.interfaces.UserControllerTests
2020-09-13 00:15:39.537  INFO 88899 --- [    Test worker] .b.t.a.w.s.WebMvcTestContextBootstrapper : Loaded default TestExecutionListener class names from location [META-INF/spring.factories]: [org.springframework.boot.test.autoconfigure.restdocs.RestDocsTestExecutionListener, org.springframework.boot.test.autoconfigure.web.client.MockRestServiceServerResetTestExecutionListener, org.springframework.boot.test.autoconfigure.web.servlet.MockMvcPrintOnlyOnFailureTestExecutionListener, org.springframework.boot.test.autoconfigure.web.servlet.WebDriverTestExecutionListener, org.springframework.boot.test.autoconfigure.webservices.client.MockWebServiceServerTestExecutionListener, org.springframework.boot.test.mock.mockito.MockitoTestExecutionListener, org.springframework.boot.test.mock.mockito.ResetMocksTestExecutionListener, org.springframework.test.context.web.ServletTestExecutionListener, org.springframework.test.context.support.DirtiesContextBeforeModesTestExecutionListener, org.springframework.test.context.support.DependencyInjectionTestExecutionListener, org.springframework.test.context.support.DirtiesContextTestExecutionListener, org.springframework.test.context.transaction.TransactionalTestExecutionListener, org.springframework.test.context.jdbc.SqlScriptsTestExecutionListener, org.springframework.test.context.event.EventPublishingTestExecutionListener]
2020-09-13 00:15:39.538  INFO 88899 --- [    Test worker] .b.t.a.w.s.WebMvcTestContextBootstrapper : Using TestExecutionListeners: [org.springframework.test.context.web.ServletTestExecutionListener@2a71dc79, org.springframework.test.context.support.DirtiesContextBeforeModesTestExecutionListener@313d256a, org.springframework.boot.test.mock.mockito.MockitoTestExecutionListener@21fe45e2, org.springframework.boot.test.autoconfigure.SpringBootDependencyInjectionTestExecutionListener@365dbabe, org.springframework.test.context.support.DirtiesContextTestExecutionListener@12eb3a18, org.springframework.test.context.transaction.TransactionalTestExecutionListener@4aa55b5a, org.springframework.test.context.jdbc.SqlScriptsTestExecutionListener@1927d6b9, org.springframework.test.context.event.EventPublishingTestExecutionListener@42741769, org.springframework.boot.test.autoconfigure.restdocs.RestDocsTestExecutionListener@904cec5, org.springframework.boot.test.autoconfigure.web.client.MockRestServiceServerResetTestExecutionListener@691b2b34, org.springframework.boot.test.autoconfigure.web.servlet.MockMvcPrintOnlyOnFailureTestExecutionListener@4eaebab0, org.springframework.boot.test.autoconfigure.web.servlet.WebDriverTestExecutionListener@2c033353, org.springframework.boot.test.autoconfigure.webservices.client.MockWebServiceServerTestExecutionListener@3deb2f0, org.springframework.boot.test.mock.mockito.ResetMocksTestExecutionListener@33ac7b34]

  .   ____          _            __ _ _
 /\\ / ___'_ __ _ _(_)_ __  __ _ \ \ \ \
( ( )\___ | '_ | '_| | '_ \/ _` | \ \ \ \
 \\/  ___)| |_)| | | | | || (_| |  ) ) ) )
  '  |____| .__|_| |_|_| |_\__, | / / / /
 =========|_|==============|___/=/_/_/_/
 :: Spring Boot ::        (v2.3.3.RELEASE)

2020-09-13 00:15:39.560  INFO 88899 --- [    Test worker] s.r.c.interfaces.UserControllerTests     : Starting UserControllerTests on MacBook-Pro-2.local with PID 88899 (started by stevejaehyeokkim in /Users/stevejaehyeokkim/Desktop/Workspace/java-spring/cashface-api)
2020-09-13 00:15:39.560  INFO 88899 --- [    Test worker] s.r.c.interfaces.UserControllerTests     : The following profiles are active: test
2020-09-13 00:15:39.720  INFO 88899 --- [    Test worker] .s.s.UserDetailsServiceAutoConfiguration : 

Using generated security password: 1019659a-7bf9-4eae-8fab-8e818421efba

2020-09-13 00:15:39.748  INFO 88899 --- [    Test worker] o.s.s.web.DefaultSecurityFilterChain     : Creating filter chain: any request, [org.springframework.security.web.context.request.async.WebAsyncManagerIntegrationFilter@1f06a96b, org.springframework.security.web.context.SecurityContextPersistenceFilter@167ffcca, org.springframework.security.web.header.HeaderWriterFilter@4db7d198, org.springframework.security.web.authentication.logout.LogoutFilter@332b81c7, swmaestro.revivers.cashface.filters.JwtAuthenticationFilter@1dd41c5, org.springframework.security.web.savedrequest.RequestCacheAwareFilter@587e8ff6, org.springframework.security.web.servletapi.SecurityContextHolderAwareRequestFilter@2b36be70, org.springframework.security.web.authentication.AnonymousAuthenticationFilter@67e8a7b, org.springframework.security.web.session.SessionManagementFilter@85f3874, org.springframework.security.web.access.ExceptionTranslationFilter@79c6dd]
2020-09-13 00:15:39.803  INFO 88899 --- [    Test worker] o.s.s.concurrent.ThreadPoolTaskExecutor  : Initializing ExecutorService 'applicationTaskExecutor'
2020-09-13 00:15:39.881  INFO 88899 --- [    Test worker] o.s.b.t.m.w.SpringBootMockServletContext : Initializing Spring TestDispatcherServlet ''
2020-09-13 00:15:39.882  INFO 88899 --- [    Test worker] o.s.t.web.servlet.TestDispatcherServlet  : Initializing Servlet ''
2020-09-13 00:15:39.888  INFO 88899 --- [    Test worker] o.s.t.web.servlet.TestDispatcherServlet  : Completed initialization in 6 ms
2020-09-13 00:15:39.900  INFO 88899 --- [    Test worker] s.r.c.interfaces.UserControllerTests     : Started UserControllerTests in 0.359 seconds (JVM running for 4.036)
]]></system-out>
  <system-err><![CDATA[]]></system-err>
</testsuite>
