<?xml version="1.0" encoding="UTF-8"?>
<testsuite name="swmaestro.revivers.cashface.interfaces.SessionControllerTests" tests="3" skipped="0" failures="0" errors="0" timestamp="2020-09-12T14:17:41" hostname="MacBook-Pro-2.local" time="0.017">
  <properties/>
  <testcase name="createWithValidAttributes()" classname="swmaestro.revivers.cashface.interfaces.SessionControllerTests" time="0.007"/>
  <testcase name="createdWithNotExistedEmail()" classname="swmaestro.revivers.cashface.interfaces.SessionControllerTests" time="0.004"/>
  <testcase name="createWithWrongPassword()" classname="swmaestro.revivers.cashface.interfaces.SessionControllerTests" time="0.004"/>
  <system-out><![CDATA[2020-09-12 23:17:41.038  INFO 88572 --- [    Test worker] .b.t.a.w.s.WebMvcTestContextBootstrapper : Neither @ContextConfiguration nor @ContextHierarchy found for test class [swmaestro.revivers.cashface.interfaces.SessionControllerTests], using SpringBootContextLoader
2020-09-12 23:17:41.039  INFO 88572 --- [    Test worker] o.s.t.c.support.AbstractContextLoader    : Could not detect default resource locations for test class [swmaestro.revivers.cashface.interfaces.SessionControllerTests]: no resource found for suffixes {-context.xml, Context.groovy}.
2020-09-12 23:17:41.039  INFO 88572 --- [    Test worker] t.c.s.AnnotationConfigContextLoaderUtils : Could not detect default configuration classes for test class [swmaestro.revivers.cashface.interfaces.SessionControllerTests]: SessionControllerTests does not declare any static, non-private, non-final, nested classes annotated with @Configuration.
2020-09-12 23:17:41.042  INFO 88572 --- [    Test worker] .b.t.c.SpringBootTestContextBootstrapper : Found @SpringBootConfiguration swmaestro.revivers.cashface.CashfaceApplication for test class swmaestro.revivers.cashface.interfaces.SessionControllerTests
2020-09-12 23:17:41.042  INFO 88572 --- [    Test worker] .b.t.a.w.s.WebMvcTestContextBootstrapper : Loaded default TestExecutionListener class names from location [META-INF/spring.factories]: [org.springframework.boot.test.autoconfigure.restdocs.RestDocsTestExecutionListener, org.springframework.boot.test.autoconfigure.web.client.MockRestServiceServerResetTestExecutionListener, org.springframework.boot.test.autoconfigure.web.servlet.MockMvcPrintOnlyOnFailureTestExecutionListener, org.springframework.boot.test.autoconfigure.web.servlet.WebDriverTestExecutionListener, org.springframework.boot.test.autoconfigure.webservices.client.MockWebServiceServerTestExecutionListener, org.springframework.boot.test.mock.mockito.MockitoTestExecutionListener, org.springframework.boot.test.mock.mockito.ResetMocksTestExecutionListener, org.springframework.test.context.web.ServletTestExecutionListener, org.springframework.test.context.support.DirtiesContextBeforeModesTestExecutionListener, org.springframework.test.context.support.DependencyInjectionTestExecutionListener, org.springframework.test.context.support.DirtiesContextTestExecutionListener, org.springframework.test.context.transaction.TransactionalTestExecutionListener, org.springframework.test.context.jdbc.SqlScriptsTestExecutionListener, org.springframework.test.context.event.EventPublishingTestExecutionListener]
2020-09-12 23:17:41.043  INFO 88572 --- [    Test worker] .b.t.a.w.s.WebMvcTestContextBootstrapper : Using TestExecutionListeners: [org.springframework.test.context.web.ServletTestExecutionListener@4398f90b, org.springframework.test.context.support.DirtiesContextBeforeModesTestExecutionListener@3dbeb2cf, org.springframework.boot.test.mock.mockito.MockitoTestExecutionListener@20d6c704, org.springframework.boot.test.autoconfigure.SpringBootDependencyInjectionTestExecutionListener@3c08938, org.springframework.test.context.support.DirtiesContextTestExecutionListener@71478ea, org.springframework.test.context.transaction.TransactionalTestExecutionListener@4ff48a0d, org.springframework.test.context.jdbc.SqlScriptsTestExecutionListener@590c8a10, org.springframework.test.context.event.EventPublishingTestExecutionListener@5e824140, org.springframework.boot.test.autoconfigure.restdocs.RestDocsTestExecutionListener@7a75b152, org.springframework.boot.test.autoconfigure.web.client.MockRestServiceServerResetTestExecutionListener@113af8f3, org.springframework.boot.test.autoconfigure.web.servlet.MockMvcPrintOnlyOnFailureTestExecutionListener@2c5bbcce, org.springframework.boot.test.autoconfigure.web.servlet.WebDriverTestExecutionListener@609f6044, org.springframework.boot.test.autoconfigure.webservices.client.MockWebServiceServerTestExecutionListener@37b7a224, org.springframework.boot.test.mock.mockito.ResetMocksTestExecutionListener@710c3941]

  .   ____          _            __ _ _
 /\\ / ___'_ __ _ _(_)_ __  __ _ \ \ \ \
( ( )\___ | '_ | '_| | '_ \/ _` | \ \ \ \
 \\/  ___)| |_)| | | | | || (_| |  ) ) ) )
  '  |____| .__|_| |_|_| |_\__, | / / / /
 =========|_|==============|___/=/_/_/_/
 :: Spring Boot ::        (v2.3.3.RELEASE)

2020-09-12 23:17:41.062  INFO 88572 --- [    Test worker] s.r.c.interfaces.SessionControllerTests  : Starting SessionControllerTests on MacBook-Pro-2.local with PID 88572 (started by stevejaehyeokkim in /Users/stevejaehyeokkim/Desktop/Workspace/java-spring/cashface-api)
2020-09-12 23:17:41.062  INFO 88572 --- [    Test worker] s.r.c.interfaces.SessionControllerTests  : The following profiles are active: test
2020-09-12 23:17:41.214  INFO 88572 --- [    Test worker] .s.s.UserDetailsServiceAutoConfiguration : 

Using generated security password: bea849dc-c226-4326-9f09-1b4425e2c1b8

2020-09-12 23:17:41.248  INFO 88572 --- [    Test worker] o.s.s.web.DefaultSecurityFilterChain     : Creating filter chain: any request, [org.springframework.security.web.context.request.async.WebAsyncManagerIntegrationFilter@755b5276, org.springframework.security.web.context.SecurityContextPersistenceFilter@44f7995d, org.springframework.security.web.header.HeaderWriterFilter@2b656319, org.springframework.security.web.authentication.logout.LogoutFilter@e98aaf5, swmaestro.revivers.cashface.filters.JwtAuthenticationFilter@60e39d3c, org.springframework.security.web.savedrequest.RequestCacheAwareFilter@5df4d981, org.springframework.security.web.servletapi.SecurityContextHolderAwareRequestFilter@5d89048d, org.springframework.security.web.authentication.AnonymousAuthenticationFilter@79e764ca, org.springframework.security.web.session.SessionManagementFilter@5e3eb836, org.springframework.security.web.access.ExceptionTranslationFilter@6f8ec280]
2020-09-12 23:17:41.315  INFO 88572 --- [    Test worker] o.s.s.concurrent.ThreadPoolTaskExecutor  : Initializing ExecutorService 'applicationTaskExecutor'
2020-09-12 23:17:41.394  INFO 88572 --- [    Test worker] o.s.b.t.m.w.SpringBootMockServletContext : Initializing Spring TestDispatcherServlet ''
2020-09-12 23:17:41.394  INFO 88572 --- [    Test worker] o.s.t.web.servlet.TestDispatcherServlet  : Initializing Servlet ''
2020-09-12 23:17:41.397  INFO 88572 --- [    Test worker] o.s.t.web.servlet.TestDispatcherServlet  : Completed initialization in 3 ms
2020-09-12 23:17:41.404  INFO 88572 --- [    Test worker] s.r.c.interfaces.SessionControllerTests  : Started SessionControllerTests in 0.359 seconds (JVM running for 5.916)
]]></system-out>
  <system-err><![CDATA[]]></system-err>
</testsuite>
