<?xml version="1.0" encoding="UTF-8"?>
<testsuite name="swmaestro.revivers.cashface.interfaces.PointControllerTests" tests="2" skipped="0" failures="0" errors="0" timestamp="2020-09-12T14:17:40" hostname="MacBook-Pro-2.local" time="0.055">
  <properties/>
  <testcase name="create()" classname="swmaestro.revivers.cashface.interfaces.PointControllerTests" time="0.038"/>
  <testcase name="list()" classname="swmaestro.revivers.cashface.interfaces.PointControllerTests" time="0.015"/>
  <system-out><![CDATA[2020-09-12 23:17:40.556  INFO 88572 --- [    Test worker] .b.t.a.w.s.WebMvcTestContextBootstrapper : Neither @ContextConfiguration nor @ContextHierarchy found for test class [swmaestro.revivers.cashface.interfaces.PointControllerTests], using SpringBootContextLoader
2020-09-12 23:17:40.557  INFO 88572 --- [    Test worker] o.s.t.c.support.AbstractContextLoader    : Could not detect default resource locations for test class [swmaestro.revivers.cashface.interfaces.PointControllerTests]: no resource found for suffixes {-context.xml, Context.groovy}.
2020-09-12 23:17:40.557  INFO 88572 --- [    Test worker] t.c.s.AnnotationConfigContextLoaderUtils : Could not detect default configuration classes for test class [swmaestro.revivers.cashface.interfaces.PointControllerTests]: PointControllerTests does not declare any static, non-private, non-final, nested classes annotated with @Configuration.
2020-09-12 23:17:40.561  INFO 88572 --- [    Test worker] .b.t.c.SpringBootTestContextBootstrapper : Found @SpringBootConfiguration swmaestro.revivers.cashface.CashfaceApplication for test class swmaestro.revivers.cashface.interfaces.PointControllerTests
2020-09-12 23:17:40.561  INFO 88572 --- [    Test worker] .b.t.a.w.s.WebMvcTestContextBootstrapper : Loaded default TestExecutionListener class names from location [META-INF/spring.factories]: [org.springframework.boot.test.autoconfigure.restdocs.RestDocsTestExecutionListener, org.springframework.boot.test.autoconfigure.web.client.MockRestServiceServerResetTestExecutionListener, org.springframework.boot.test.autoconfigure.web.servlet.MockMvcPrintOnlyOnFailureTestExecutionListener, org.springframework.boot.test.autoconfigure.web.servlet.WebDriverTestExecutionListener, org.springframework.boot.test.autoconfigure.webservices.client.MockWebServiceServerTestExecutionListener, org.springframework.boot.test.mock.mockito.MockitoTestExecutionListener, org.springframework.boot.test.mock.mockito.ResetMocksTestExecutionListener, org.springframework.test.context.web.ServletTestExecutionListener, org.springframework.test.context.support.DirtiesContextBeforeModesTestExecutionListener, org.springframework.test.context.support.DependencyInjectionTestExecutionListener, org.springframework.test.context.support.DirtiesContextTestExecutionListener, org.springframework.test.context.transaction.TransactionalTestExecutionListener, org.springframework.test.context.jdbc.SqlScriptsTestExecutionListener, org.springframework.test.context.event.EventPublishingTestExecutionListener]
2020-09-12 23:17:40.562  INFO 88572 --- [    Test worker] .b.t.a.w.s.WebMvcTestContextBootstrapper : Using TestExecutionListeners: [org.springframework.test.context.web.ServletTestExecutionListener@6d56efdb, org.springframework.test.context.support.DirtiesContextBeforeModesTestExecutionListener@3ef49fd, org.springframework.boot.test.mock.mockito.MockitoTestExecutionListener@899be44, org.springframework.boot.test.autoconfigure.SpringBootDependencyInjectionTestExecutionListener@5a82f3df, org.springframework.test.context.support.DirtiesContextTestExecutionListener@f0f763, org.springframework.test.context.transaction.TransactionalTestExecutionListener@7929e621, org.springframework.test.context.jdbc.SqlScriptsTestExecutionListener@3c870cde, org.springframework.test.context.event.EventPublishingTestExecutionListener@71561c9a, org.springframework.boot.test.autoconfigure.restdocs.RestDocsTestExecutionListener@761aa63c, org.springframework.boot.test.autoconfigure.web.client.MockRestServiceServerResetTestExecutionListener@40b44e30, org.springframework.boot.test.autoconfigure.web.servlet.MockMvcPrintOnlyOnFailureTestExecutionListener@44515b04, org.springframework.boot.test.autoconfigure.web.servlet.WebDriverTestExecutionListener@5a22dd8, org.springframework.boot.test.autoconfigure.webservices.client.MockWebServiceServerTestExecutionListener@26aa4016, org.springframework.boot.test.mock.mockito.ResetMocksTestExecutionListener@448d4f3d]

  .   ____          _            __ _ _
 /\\ / ___'_ __ _ _(_)_ __  __ _ \ \ \ \
( ( )\___ | '_ | '_| | '_ \/ _` | \ \ \ \
 \\/  ___)| |_)| | | | | || (_| |  ) ) ) )
  '  |____| .__|_| |_|_| |_\__, | / / / /
 =========|_|==============|___/=/_/_/_/
 :: Spring Boot ::        (v2.3.3.RELEASE)

2020-09-12 23:17:40.589  INFO 88572 --- [    Test worker] s.r.c.interfaces.PointControllerTests    : Starting PointControllerTests on MacBook-Pro-2.local with PID 88572 (started by stevejaehyeokkim in /Users/stevejaehyeokkim/Desktop/Workspace/java-spring/cashface-api)
2020-09-12 23:17:40.589  INFO 88572 --- [    Test worker] s.r.c.interfaces.PointControllerTests    : The following profiles are active: test
2020-09-12 23:17:40.740  INFO 88572 --- [    Test worker] .s.s.UserDetailsServiceAutoConfiguration : 

Using generated security password: 51fe1da9-48b9-47a7-918e-ce3ca6723c37

2020-09-12 23:17:40.789  INFO 88572 --- [    Test worker] o.s.s.web.DefaultSecurityFilterChain     : Creating filter chain: any request, [org.springframework.security.web.context.request.async.WebAsyncManagerIntegrationFilter@7f5235f0, org.springframework.security.web.context.SecurityContextPersistenceFilter@35286ad9, org.springframework.security.web.header.HeaderWriterFilter@408dbbd5, org.springframework.security.web.authentication.logout.LogoutFilter@6c08ab74, swmaestro.revivers.cashface.filters.JwtAuthenticationFilter@33e1aea3, org.springframework.security.web.savedrequest.RequestCacheAwareFilter@4edba25f, org.springframework.security.web.servletapi.SecurityContextHolderAwareRequestFilter@6325eb42, org.springframework.security.web.authentication.AnonymousAuthenticationFilter@2a5a069c, org.springframework.security.web.session.SessionManagementFilter@56a5ef36, org.springframework.security.web.access.ExceptionTranslationFilter@20fb6e65]
2020-09-12 23:17:40.883  INFO 88572 --- [    Test worker] o.s.s.concurrent.ThreadPoolTaskExecutor  : Initializing ExecutorService 'applicationTaskExecutor'
2020-09-12 23:17:40.964  INFO 88572 --- [    Test worker] o.s.b.t.m.w.SpringBootMockServletContext : Initializing Spring TestDispatcherServlet ''
2020-09-12 23:17:40.964  INFO 88572 --- [    Test worker] o.s.t.web.servlet.TestDispatcherServlet  : Initializing Servlet ''
2020-09-12 23:17:40.972  INFO 88572 --- [    Test worker] o.s.t.web.servlet.TestDispatcherServlet  : Completed initialization in 8 ms
2020-09-12 23:17:40.979  INFO 88572 --- [    Test worker] s.r.c.interfaces.PointControllerTests    : Started PointControllerTests in 0.414 seconds (JVM running for 5.492)
]]></system-out>
  <system-err><![CDATA[]]></system-err>
</testsuite>
