<?xml version="1.0" encoding="UTF-8"?>
<testsuite name="swmaestro.revivers.cashface.interfaces.PointControllerTests" tests="2" skipped="0" failures="0" errors="0" timestamp="2020-09-12T15:33:01" hostname="MacBook-Pro-2.local" time="0.038">
  <properties/>
  <testcase name="create()" classname="swmaestro.revivers.cashface.interfaces.PointControllerTests" time="0.026"/>
  <testcase name="list()" classname="swmaestro.revivers.cashface.interfaces.PointControllerTests" time="0.01"/>
  <system-out><![CDATA[2020-09-13 00:33:01.522  INFO 89181 --- [    Test worker] .b.t.a.w.s.WebMvcTestContextBootstrapper : Neither @ContextConfiguration nor @ContextHierarchy found for test class [swmaestro.revivers.cashface.interfaces.PointControllerTests], using SpringBootContextLoader
2020-09-13 00:33:01.522  INFO 89181 --- [    Test worker] o.s.t.c.support.AbstractContextLoader    : Could not detect default resource locations for test class [swmaestro.revivers.cashface.interfaces.PointControllerTests]: no resource found for suffixes {-context.xml, Context.groovy}.
2020-09-13 00:33:01.522  INFO 89181 --- [    Test worker] t.c.s.AnnotationConfigContextLoaderUtils : Could not detect default configuration classes for test class [swmaestro.revivers.cashface.interfaces.PointControllerTests]: PointControllerTests does not declare any static, non-private, non-final, nested classes annotated with @Configuration.
2020-09-13 00:33:01.525  INFO 89181 --- [    Test worker] .b.t.c.SpringBootTestContextBootstrapper : Found @SpringBootConfiguration swmaestro.revivers.cashface.CashfaceApplication for test class swmaestro.revivers.cashface.interfaces.PointControllerTests
2020-09-13 00:33:01.526  INFO 89181 --- [    Test worker] .b.t.a.w.s.WebMvcTestContextBootstrapper : Loaded default TestExecutionListener class names from location [META-INF/spring.factories]: [org.springframework.boot.test.autoconfigure.restdocs.RestDocsTestExecutionListener, org.springframework.boot.test.autoconfigure.web.client.MockRestServiceServerResetTestExecutionListener, org.springframework.boot.test.autoconfigure.web.servlet.MockMvcPrintOnlyOnFailureTestExecutionListener, org.springframework.boot.test.autoconfigure.web.servlet.WebDriverTestExecutionListener, org.springframework.boot.test.autoconfigure.webservices.client.MockWebServiceServerTestExecutionListener, org.springframework.boot.test.mock.mockito.MockitoTestExecutionListener, org.springframework.boot.test.mock.mockito.ResetMocksTestExecutionListener, org.springframework.test.context.web.ServletTestExecutionListener, org.springframework.test.context.support.DirtiesContextBeforeModesTestExecutionListener, org.springframework.test.context.support.DependencyInjectionTestExecutionListener, org.springframework.test.context.support.DirtiesContextTestExecutionListener, org.springframework.test.context.transaction.TransactionalTestExecutionListener, org.springframework.test.context.jdbc.SqlScriptsTestExecutionListener, org.springframework.test.context.event.EventPublishingTestExecutionListener]
2020-09-13 00:33:01.526  INFO 89181 --- [    Test worker] .b.t.a.w.s.WebMvcTestContextBootstrapper : Using TestExecutionListeners: [org.springframework.test.context.web.ServletTestExecutionListener@5da1ed0d, org.springframework.test.context.support.DirtiesContextBeforeModesTestExecutionListener@6d56efdb, org.springframework.boot.test.mock.mockito.MockitoTestExecutionListener@3ef49fd, org.springframework.boot.test.autoconfigure.SpringBootDependencyInjectionTestExecutionListener@899be44, org.springframework.test.context.support.DirtiesContextTestExecutionListener@5a82f3df, org.springframework.test.context.transaction.TransactionalTestExecutionListener@f0f763, org.springframework.test.context.jdbc.SqlScriptsTestExecutionListener@7929e621, org.springframework.test.context.event.EventPublishingTestExecutionListener@3c870cde, org.springframework.boot.test.autoconfigure.restdocs.RestDocsTestExecutionListener@71561c9a, org.springframework.boot.test.autoconfigure.web.client.MockRestServiceServerResetTestExecutionListener@761aa63c, org.springframework.boot.test.autoconfigure.web.servlet.MockMvcPrintOnlyOnFailureTestExecutionListener@40b44e30, org.springframework.boot.test.autoconfigure.web.servlet.WebDriverTestExecutionListener@44515b04, org.springframework.boot.test.autoconfigure.webservices.client.MockWebServiceServerTestExecutionListener@5a22dd8, org.springframework.boot.test.mock.mockito.ResetMocksTestExecutionListener@26aa4016]

  .   ____          _            __ _ _
 /\\ / ___'_ __ _ _(_)_ __  __ _ \ \ \ \
( ( )\___ | '_ | '_| | '_ \/ _` | \ \ \ \
 \\/  ___)| |_)| | | | | || (_| |  ) ) ) )
  '  |____| .__|_| |_|_| |_\__, | / / / /
 =========|_|==============|___/=/_/_/_/
 :: Spring Boot ::        (v2.3.3.RELEASE)

2020-09-13 00:33:01.546  INFO 89181 --- [    Test worker] s.r.c.interfaces.PointControllerTests    : Starting PointControllerTests on MacBook-Pro-2.local with PID 89181 (started by stevejaehyeokkim in /Users/stevejaehyeokkim/Desktop/Workspace/java-spring/cashface-api)
2020-09-13 00:33:01.547  INFO 89181 --- [    Test worker] s.r.c.interfaces.PointControllerTests    : The following profiles are active: test
2020-09-13 00:33:01.695  INFO 89181 --- [    Test worker] .s.s.UserDetailsServiceAutoConfiguration : 

Using generated security password: 9d5dab42-f7e3-4b36-a874-95d8fe106abb

2020-09-13 00:33:01.723  INFO 89181 --- [    Test worker] o.s.s.web.DefaultSecurityFilterChain     : Creating filter chain: any request, [org.springframework.security.web.context.request.async.WebAsyncManagerIntegrationFilter@6c08ab74, org.springframework.security.web.context.SecurityContextPersistenceFilter@56a5ef36, org.springframework.security.web.header.HeaderWriterFilter@20fb6e65, org.springframework.security.web.authentication.logout.LogoutFilter@1a00744f, swmaestro.revivers.cashface.filters.JwtAuthenticationFilter@7f5235f0, org.springframework.security.web.savedrequest.RequestCacheAwareFilter@35286ad9, org.springframework.security.web.servletapi.SecurityContextHolderAwareRequestFilter@4edba25f, org.springframework.security.web.authentication.AnonymousAuthenticationFilter@33e1aea3, org.springframework.security.web.session.SessionManagementFilter@408dbbd5, org.springframework.security.web.access.ExceptionTranslationFilter@6660a1ca]
2020-09-13 00:33:01.789  INFO 89181 --- [    Test worker] o.s.s.concurrent.ThreadPoolTaskExecutor  : Initializing ExecutorService 'applicationTaskExecutor'
2020-09-13 00:33:01.866  INFO 89181 --- [    Test worker] o.s.b.t.m.w.SpringBootMockServletContext : Initializing Spring TestDispatcherServlet ''
2020-09-13 00:33:01.866  INFO 89181 --- [    Test worker] o.s.t.web.servlet.TestDispatcherServlet  : Initializing Servlet ''
2020-09-13 00:33:01.870  INFO 89181 --- [    Test worker] o.s.t.web.servlet.TestDispatcherServlet  : Completed initialization in 4 ms
2020-09-13 00:33:01.878  INFO 89181 --- [    Test worker] s.r.c.interfaces.PointControllerTests    : Started PointControllerTests in 0.349 seconds (JVM running for 4.543)
]]></system-out>
  <system-err><![CDATA[]]></system-err>
</testsuite>
