<?xml version="1.0" encoding="UTF-8"?>
<testsuite name="swmaestro.revivers.cashface.interfaces.UserControllerTests" tests="3" skipped="0" failures="0" errors="0" timestamp="2020-09-12T14:17:40" hostname="MacBook-Pro-2.local" time="0.17">
  <properties/>
  <testcase name="getTotalPointsOfNotExistingUser()" classname="swmaestro.revivers.cashface.interfaces.UserControllerTests" time="0.06"/>
  <testcase name="getTotalPoints()" classname="swmaestro.revivers.cashface.interfaces.UserControllerTests" time="0.032"/>
  <testcase name="create()" classname="swmaestro.revivers.cashface.interfaces.UserControllerTests" time="0.076"/>
  <system-out><![CDATA[2020-09-12 23:17:39.863  INFO 88572 --- [    Test worker] .b.t.a.w.s.WebMvcTestContextBootstrapper : Neither @ContextConfiguration nor @ContextHierarchy found for test class [swmaestro.revivers.cashface.interfaces.UserControllerTests], using SpringBootContextLoader
2020-09-12 23:17:39.864  INFO 88572 --- [    Test worker] o.s.t.c.support.AbstractContextLoader    : Could not detect default resource locations for test class [swmaestro.revivers.cashface.interfaces.UserControllerTests]: no resource found for suffixes {-context.xml, Context.groovy}.
2020-09-12 23:17:39.865  INFO 88572 --- [    Test worker] t.c.s.AnnotationConfigContextLoaderUtils : Could not detect default configuration classes for test class [swmaestro.revivers.cashface.interfaces.UserControllerTests]: UserControllerTests does not declare any static, non-private, non-final, nested classes annotated with @Configuration.
2020-09-12 23:17:39.881  INFO 88572 --- [    Test worker] .b.t.c.SpringBootTestContextBootstrapper : Found @SpringBootConfiguration swmaestro.revivers.cashface.CashfaceApplication for test class swmaestro.revivers.cashface.interfaces.UserControllerTests
2020-09-12 23:17:39.882  INFO 88572 --- [    Test worker] .b.t.a.w.s.WebMvcTestContextBootstrapper : Loaded default TestExecutionListener class names from location [META-INF/spring.factories]: [org.springframework.boot.test.autoconfigure.restdocs.RestDocsTestExecutionListener, org.springframework.boot.test.autoconfigure.web.client.MockRestServiceServerResetTestExecutionListener, org.springframework.boot.test.autoconfigure.web.servlet.MockMvcPrintOnlyOnFailureTestExecutionListener, org.springframework.boot.test.autoconfigure.web.servlet.WebDriverTestExecutionListener, org.springframework.boot.test.autoconfigure.webservices.client.MockWebServiceServerTestExecutionListener, org.springframework.boot.test.mock.mockito.MockitoTestExecutionListener, org.springframework.boot.test.mock.mockito.ResetMocksTestExecutionListener, org.springframework.test.context.web.ServletTestExecutionListener, org.springframework.test.context.support.DirtiesContextBeforeModesTestExecutionListener, org.springframework.test.context.support.DependencyInjectionTestExecutionListener, org.springframework.test.context.support.DirtiesContextTestExecutionListener, org.springframework.test.context.transaction.TransactionalTestExecutionListener, org.springframework.test.context.jdbc.SqlScriptsTestExecutionListener, org.springframework.test.context.event.EventPublishingTestExecutionListener]
2020-09-12 23:17:39.883  INFO 88572 --- [    Test worker] .b.t.a.w.s.WebMvcTestContextBootstrapper : Using TestExecutionListeners: [org.springframework.test.context.web.ServletTestExecutionListener@1caf6439, org.springframework.test.context.support.DirtiesContextBeforeModesTestExecutionListener@61cf9112, org.springframework.boot.test.mock.mockito.MockitoTestExecutionListener@3ce481e8, org.springframework.boot.test.autoconfigure.SpringBootDependencyInjectionTestExecutionListener@6b8d42b5, org.springframework.test.context.support.DirtiesContextTestExecutionListener@c646d51, org.springframework.test.context.transaction.TransactionalTestExecutionListener@113e2ace, org.springframework.test.context.jdbc.SqlScriptsTestExecutionListener@9cd02c0, org.springframework.test.context.event.EventPublishingTestExecutionListener@85471a6, org.springframework.boot.test.autoconfigure.restdocs.RestDocsTestExecutionListener@27759b18, org.springframework.boot.test.autoconfigure.web.client.MockRestServiceServerResetTestExecutionListener@47fdad62, org.springframework.boot.test.autoconfigure.web.servlet.MockMvcPrintOnlyOnFailureTestExecutionListener@26476c5f, org.springframework.boot.test.autoconfigure.web.servlet.WebDriverTestExecutionListener@d35e070, org.springframework.boot.test.autoconfigure.webservices.client.MockWebServiceServerTestExecutionListener@6131795, org.springframework.boot.test.mock.mockito.ResetMocksTestExecutionListener@2caf2c88]

  .   ____          _            __ _ _
 /\\ / ___'_ __ _ _(_)_ __  __ _ \ \ \ \
( ( )\___ | '_ | '_| | '_ \/ _` | \ \ \ \
 \\/  ___)| |_)| | | | | || (_| |  ) ) ) )
  '  |____| .__|_| |_|_| |_\__, | / / / /
 =========|_|==============|___/=/_/_/_/
 :: Spring Boot ::        (v2.3.3.RELEASE)

2020-09-12 23:17:39.910  INFO 88572 --- [    Test worker] s.r.c.interfaces.UserControllerTests     : Starting UserControllerTests on MacBook-Pro-2.local with PID 88572 (started by stevejaehyeokkim in /Users/stevejaehyeokkim/Desktop/Workspace/java-spring/cashface-api)
2020-09-12 23:17:39.910  INFO 88572 --- [    Test worker] s.r.c.interfaces.UserControllerTests     : The following profiles are active: test
2020-09-12 23:17:40.135  INFO 88572 --- [    Test worker] .s.s.UserDetailsServiceAutoConfiguration : 

Using generated security password: 498dec46-c384-4f3f-85fb-dca5eda66a7b

2020-09-12 23:17:40.174  INFO 88572 --- [    Test worker] o.s.s.web.DefaultSecurityFilterChain     : Creating filter chain: any request, [org.springframework.security.web.context.request.async.WebAsyncManagerIntegrationFilter@233bc021, org.springframework.security.web.context.SecurityContextPersistenceFilter@2ce56138, org.springframework.security.web.header.HeaderWriterFilter@7c09feef, org.springframework.security.web.authentication.logout.LogoutFilter@4ed52f9e, swmaestro.revivers.cashface.filters.JwtAuthenticationFilter@1611a405, org.springframework.security.web.savedrequest.RequestCacheAwareFilter@122fe580, org.springframework.security.web.servletapi.SecurityContextHolderAwareRequestFilter@21e28fac, org.springframework.security.web.authentication.AnonymousAuthenticationFilter@2cccaa8c, org.springframework.security.web.session.SessionManagementFilter@53176474, org.springframework.security.web.access.ExceptionTranslationFilter@6d9a7dd1]
2020-09-12 23:17:40.257  INFO 88572 --- [    Test worker] o.s.s.concurrent.ThreadPoolTaskExecutor  : Initializing ExecutorService 'applicationTaskExecutor'
2020-09-12 23:17:40.360  INFO 88572 --- [    Test worker] o.s.b.t.m.w.SpringBootMockServletContext : Initializing Spring TestDispatcherServlet ''
2020-09-12 23:17:40.360  INFO 88572 --- [    Test worker] o.s.t.web.servlet.TestDispatcherServlet  : Initializing Servlet ''
2020-09-12 23:17:40.367  INFO 88572 --- [    Test worker] o.s.t.web.servlet.TestDispatcherServlet  : Completed initialization in 7 ms
2020-09-12 23:17:40.379  INFO 88572 --- [    Test worker] s.r.c.interfaces.UserControllerTests     : Started UserControllerTests in 0.492 seconds (JVM running for 4.891)
]]></system-out>
  <system-err><![CDATA[]]></system-err>
</testsuite>
