<?xml version="1.0" encoding="UTF-8"?>
<testsuite name="swmaestro.revivers.cashface.interfaces.SessionControllerTests" tests="3" skipped="0" failures="0" errors="0" timestamp="2020-09-12T15:33:02" hostname="MacBook-Pro-2.local" time="0.017">
  <properties/>
  <testcase name="createWithValidAttributes()" classname="swmaestro.revivers.cashface.interfaces.SessionControllerTests" time="0.007"/>
  <testcase name="createdWithNotExistedEmail()" classname="swmaestro.revivers.cashface.interfaces.SessionControllerTests" time="0.004"/>
  <testcase name="createWithWrongPassword()" classname="swmaestro.revivers.cashface.interfaces.SessionControllerTests" time="0.004"/>
  <system-out><![CDATA[2020-09-13 00:33:01.919  INFO 89181 --- [    Test worker] .b.t.a.w.s.WebMvcTestContextBootstrapper : Neither @ContextConfiguration nor @ContextHierarchy found for test class [swmaestro.revivers.cashface.interfaces.SessionControllerTests], using SpringBootContextLoader
2020-09-13 00:33:01.920  INFO 89181 --- [    Test worker] o.s.t.c.support.AbstractContextLoader    : Could not detect default resource locations for test class [swmaestro.revivers.cashface.interfaces.SessionControllerTests]: no resource found for suffixes {-context.xml, Context.groovy}.
2020-09-13 00:33:01.920  INFO 89181 --- [    Test worker] t.c.s.AnnotationConfigContextLoaderUtils : Could not detect default configuration classes for test class [swmaestro.revivers.cashface.interfaces.SessionControllerTests]: SessionControllerTests does not declare any static, non-private, non-final, nested classes annotated with @Configuration.
2020-09-13 00:33:01.922  INFO 89181 --- [    Test worker] .b.t.c.SpringBootTestContextBootstrapper : Found @SpringBootConfiguration swmaestro.revivers.cashface.CashfaceApplication for test class swmaestro.revivers.cashface.interfaces.SessionControllerTests
2020-09-13 00:33:01.922  INFO 89181 --- [    Test worker] .b.t.a.w.s.WebMvcTestContextBootstrapper : Loaded default TestExecutionListener class names from location [META-INF/spring.factories]: [org.springframework.boot.test.autoconfigure.restdocs.RestDocsTestExecutionListener, org.springframework.boot.test.autoconfigure.web.client.MockRestServiceServerResetTestExecutionListener, org.springframework.boot.test.autoconfigure.web.servlet.MockMvcPrintOnlyOnFailureTestExecutionListener, org.springframework.boot.test.autoconfigure.web.servlet.WebDriverTestExecutionListener, org.springframework.boot.test.autoconfigure.webservices.client.MockWebServiceServerTestExecutionListener, org.springframework.boot.test.mock.mockito.MockitoTestExecutionListener, org.springframework.boot.test.mock.mockito.ResetMocksTestExecutionListener, org.springframework.test.context.web.ServletTestExecutionListener, org.springframework.test.context.support.DirtiesContextBeforeModesTestExecutionListener, org.springframework.test.context.support.DependencyInjectionTestExecutionListener, org.springframework.test.context.support.DirtiesContextTestExecutionListener, org.springframework.test.context.transaction.TransactionalTestExecutionListener, org.springframework.test.context.jdbc.SqlScriptsTestExecutionListener, org.springframework.test.context.event.EventPublishingTestExecutionListener]
2020-09-13 00:33:01.922  INFO 89181 --- [    Test worker] .b.t.a.w.s.WebMvcTestContextBootstrapper : Using TestExecutionListeners: [org.springframework.test.context.web.ServletTestExecutionListener@7e8ba7c9, org.springframework.test.context.support.DirtiesContextBeforeModesTestExecutionListener@4398f90b, org.springframework.boot.test.mock.mockito.MockitoTestExecutionListener@3dbeb2cf, org.springframework.boot.test.autoconfigure.SpringBootDependencyInjectionTestExecutionListener@20d6c704, org.springframework.test.context.support.DirtiesContextTestExecutionListener@3c08938, org.springframework.test.context.transaction.TransactionalTestExecutionListener@71478ea, org.springframework.test.context.jdbc.SqlScriptsTestExecutionListener@4ff48a0d, org.springframework.test.context.event.EventPublishingTestExecutionListener@590c8a10, org.springframework.boot.test.autoconfigure.restdocs.RestDocsTestExecutionListener@5e824140, org.springframework.boot.test.autoconfigure.web.client.MockRestServiceServerResetTestExecutionListener@7a75b152, org.springframework.boot.test.autoconfigure.web.servlet.MockMvcPrintOnlyOnFailureTestExecutionListener@113af8f3, org.springframework.boot.test.autoconfigure.web.servlet.WebDriverTestExecutionListener@2c5bbcce, org.springframework.boot.test.autoconfigure.webservices.client.MockWebServiceServerTestExecutionListener@609f6044, org.springframework.boot.test.mock.mockito.ResetMocksTestExecutionListener@37b7a224]

  .   ____          _            __ _ _
 /\\ / ___'_ __ _ _(_)_ __  __ _ \ \ \ \
( ( )\___ | '_ | '_| | '_ \/ _` | \ \ \ \
 \\/  ___)| |_)| | | | | || (_| |  ) ) ) )
  '  |____| .__|_| |_|_| |_\__, | / / / /
 =========|_|==============|___/=/_/_/_/
 :: Spring Boot ::        (v2.3.3.RELEASE)

2020-09-13 00:33:01.936  INFO 89181 --- [    Test worker] s.r.c.interfaces.SessionControllerTests  : Starting SessionControllerTests on MacBook-Pro-2.local with PID 89181 (started by stevejaehyeokkim in /Users/stevejaehyeokkim/Desktop/Workspace/java-spring/cashface-api)
2020-09-13 00:33:01.937  INFO 89181 --- [    Test worker] s.r.c.interfaces.SessionControllerTests  : The following profiles are active: test
2020-09-13 00:33:02.066  INFO 89181 --- [    Test worker] .s.s.UserDetailsServiceAutoConfiguration : 

Using generated security password: ba4de5aa-dc13-4e28-95bf-ca220be64e0a

2020-09-13 00:33:02.095  INFO 89181 --- [    Test worker] o.s.s.web.DefaultSecurityFilterChain     : Creating filter chain: any request, [org.springframework.security.web.context.request.async.WebAsyncManagerIntegrationFilter@e98aaf5, org.springframework.security.web.context.SecurityContextPersistenceFilter@5e3eb836, org.springframework.security.web.header.HeaderWriterFilter@6f8ec280, org.springframework.security.web.authentication.logout.LogoutFilter@76ddf802, swmaestro.revivers.cashface.filters.JwtAuthenticationFilter@755b5276, org.springframework.security.web.savedrequest.RequestCacheAwareFilter@44f7995d, org.springframework.security.web.servletapi.SecurityContextHolderAwareRequestFilter@5df4d981, org.springframework.security.web.authentication.AnonymousAuthenticationFilter@60e39d3c, org.springframework.security.web.session.SessionManagementFilter@2b656319, org.springframework.security.web.access.ExceptionTranslationFilter@74ddd1d5]
2020-09-13 00:33:02.156  INFO 89181 --- [    Test worker] o.s.s.concurrent.ThreadPoolTaskExecutor  : Initializing ExecutorService 'applicationTaskExecutor'
2020-09-13 00:33:02.225  INFO 89181 --- [    Test worker] o.s.b.t.m.w.SpringBootMockServletContext : Initializing Spring TestDispatcherServlet ''
2020-09-13 00:33:02.225  INFO 89181 --- [    Test worker] o.s.t.web.servlet.TestDispatcherServlet  : Initializing Servlet ''
2020-09-13 00:33:02.229  INFO 89181 --- [    Test worker] o.s.t.web.servlet.TestDispatcherServlet  : Completed initialization in 4 ms
2020-09-13 00:33:02.236  INFO 89181 --- [    Test worker] s.r.c.interfaces.SessionControllerTests  : Started SessionControllerTests in 0.312 seconds (JVM running for 4.901)
]]></system-out>
  <system-err><![CDATA[]]></system-err>
</testsuite>
