<?xml version="1.0" encoding="UTF-8"?>
<testsuite name="swmaestro.revivers.cashface.CashfaceApplicationTests" tests="1" skipped="0" failures="0" errors="0" timestamp="2020-09-09T07:37:14" hostname="MacBook-Pro-2.local" time="0.184">
  <properties/>
  <testcase name="contextLoads()" classname="swmaestro.revivers.cashface.CashfaceApplicationTests" time="0.184"/>
  <system-out><![CDATA[16:37:11.373 [Test worker] DEBUG org.springframework.test.context.BootstrapUtils - Instantiating CacheAwareContextLoaderDelegate from class [org.springframework.test.context.cache.DefaultCacheAwareContextLoaderDelegate]
16:37:11.385 [Test worker] DEBUG org.springframework.test.context.BootstrapUtils - Instantiating BootstrapContext using constructor [public org.springframework.test.context.support.DefaultBootstrapContext(java.lang.Class,org.springframework.test.context.CacheAwareContextLoaderDelegate)]
16:37:11.408 [Test worker] DEBUG org.springframework.test.context.BootstrapUtils - Instantiating TestContextBootstrapper for test class [swmaestro.revivers.cashface.CashfaceApplicationTests] from class [org.springframework.boot.test.context.SpringBootTestContextBootstrapper]
16:37:11.425 [Test worker] INFO org.springframework.boot.test.context.SpringBootTestContextBootstrapper - Neither @ContextConfiguration nor @ContextHierarchy found for test class [swmaestro.revivers.cashface.CashfaceApplicationTests], using SpringBootContextLoader
16:37:11.431 [Test worker] DEBUG org.springframework.test.context.support.AbstractContextLoader - Did not detect default resource location for test class [swmaestro.revivers.cashface.CashfaceApplicationTests]: class path resource [swmaestro/revivers/cashface/CashfaceApplicationTests-context.xml] does not exist
16:37:11.432 [Test worker] DEBUG org.springframework.test.context.support.AbstractContextLoader - Did not detect default resource location for test class [swmaestro.revivers.cashface.CashfaceApplicationTests]: class path resource [swmaestro/revivers/cashface/CashfaceApplicationTestsContext.groovy] does not exist
16:37:11.432 [Test worker] INFO org.springframework.test.context.support.AbstractContextLoader - Could not detect default resource locations for test class [swmaestro.revivers.cashface.CashfaceApplicationTests]: no resource found for suffixes {-context.xml, Context.groovy}.
16:37:11.433 [Test worker] INFO org.springframework.test.context.support.AnnotationConfigContextLoaderUtils - Could not detect default configuration classes for test class [swmaestro.revivers.cashface.CashfaceApplicationTests]: CashfaceApplicationTests does not declare any static, non-private, non-final, nested classes annotated with @Configuration.
16:37:11.475 [Test worker] DEBUG org.springframework.test.context.support.ActiveProfilesUtils - Could not find an 'annotation declaring class' for annotation type [org.springframework.test.context.ActiveProfiles] and class [swmaestro.revivers.cashface.CashfaceApplicationTests]
16:37:11.526 [Test worker] DEBUG org.springframework.context.annotation.ClassPathScanningCandidateComponentProvider - Identified candidate component class: file [/Users/stevejaehyeokkim/Desktop/Workspace/java-spring/cashface-api/build/classes/java/main/swmaestro/revivers/cashface/CashfaceApplication.class]
16:37:11.532 [Test worker] INFO org.springframework.boot.test.context.SpringBootTestContextBootstrapper - Found @SpringBootConfiguration swmaestro.revivers.cashface.CashfaceApplication for test class swmaestro.revivers.cashface.CashfaceApplicationTests
16:37:11.617 [Test worker] DEBUG org.springframework.boot.test.context.SpringBootTestContextBootstrapper - @TestExecutionListeners is not present for class [swmaestro.revivers.cashface.CashfaceApplicationTests]: using defaults.
16:37:11.618 [Test worker] INFO org.springframework.boot.test.context.SpringBootTestContextBootstrapper - Loaded default TestExecutionListener class names from location [META-INF/spring.factories]: [org.springframework.boot.test.autoconfigure.restdocs.RestDocsTestExecutionListener, org.springframework.boot.test.autoconfigure.web.client.MockRestServiceServerResetTestExecutionListener, org.springframework.boot.test.autoconfigure.web.servlet.MockMvcPrintOnlyOnFailureTestExecutionListener, org.springframework.boot.test.autoconfigure.web.servlet.WebDriverTestExecutionListener, org.springframework.boot.test.autoconfigure.webservices.client.MockWebServiceServerTestExecutionListener, org.springframework.boot.test.mock.mockito.MockitoTestExecutionListener, org.springframework.boot.test.mock.mockito.ResetMocksTestExecutionListener, org.springframework.test.context.web.ServletTestExecutionListener, org.springframework.test.context.support.DirtiesContextBeforeModesTestExecutionListener, org.springframework.test.context.support.DependencyInjectionTestExecutionListener, org.springframework.test.context.support.DirtiesContextTestExecutionListener, org.springframework.test.context.transaction.TransactionalTestExecutionListener, org.springframework.test.context.jdbc.SqlScriptsTestExecutionListener, org.springframework.test.context.event.EventPublishingTestExecutionListener]
16:37:11.633 [Test worker] INFO org.springframework.boot.test.context.SpringBootTestContextBootstrapper - Using TestExecutionListeners: [org.springframework.test.context.web.ServletTestExecutionListener@464edd32, org.springframework.test.context.support.DirtiesContextBeforeModesTestExecutionListener@9050ef4, org.springframework.boot.test.mock.mockito.MockitoTestExecutionListener@a9ab57a, org.springframework.boot.test.autoconfigure.SpringBootDependencyInjectionTestExecutionListener@52895330, org.springframework.test.context.support.DirtiesContextTestExecutionListener@629ea31e, org.springframework.test.context.transaction.TransactionalTestExecutionListener@434d7317, org.springframework.test.context.jdbc.SqlScriptsTestExecutionListener@1c233f61, org.springframework.test.context.event.EventPublishingTestExecutionListener@4abef06, org.springframework.boot.test.autoconfigure.restdocs.RestDocsTestExecutionListener@13ba3ade, org.springframework.boot.test.autoconfigure.web.client.MockRestServiceServerResetTestExecutionListener@3bc73675, org.springframework.boot.test.autoconfigure.web.servlet.MockMvcPrintOnlyOnFailureTestExecutionListener@3e9ade5b, org.springframework.boot.test.autoconfigure.web.servlet.WebDriverTestExecutionListener@6512c551, org.springframework.boot.test.autoconfigure.webservices.client.MockWebServiceServerTestExecutionListener@273c7fe7, org.springframework.boot.test.mock.mockito.ResetMocksTestExecutionListener@254a81eb]
16:37:11.636 [Test worker] DEBUG org.springframework.test.context.support.AbstractDirtiesContextTestExecutionListener - Before test class: context [DefaultTestContext@4aa6cbe9 testClass = CashfaceApplicationTests, testInstance = [null], testMethod = [null], testException = [null], mergedContextConfiguration = [WebMergedContextConfiguration@7d4c7d0b testClass = CashfaceApplicationTests, locations = '{}', classes = '{class swmaestro.revivers.cashface.CashfaceApplication}', contextInitializerClasses = '[]', activeProfiles = '{}', propertySourceLocations = '{}', propertySourceProperties = '{org.springframework.boot.test.context.SpringBootTestContextBootstrapper=true}', contextCustomizers = set[org.springframework.boot.test.autoconfigure.properties.PropertyMappingContextCustomizer@0, org.springframework.boot.test.autoconfigure.web.servlet.WebDriverContextCustomizerFactory$Customizer@3ebeeba4, org.springframework.boot.test.context.filter.ExcludeFilterContextCustomizer@3e6bd74f, org.springframework.boot.test.json.DuplicateJsonObjectContextCustomizerFactory$DuplicateJsonObjectContextCustomizer@2c61eea8, org.springframework.boot.test.mock.mockito.MockitoContextCustomizer@0, org.springframework.boot.test.web.client.TestRestTemplateContextCustomizer@21d81196, org.springframework.boot.test.context.SpringBootTestArgs@1], resourceBasePath = 'src/main/webapp', contextLoader = 'org.springframework.boot.test.context.SpringBootContextLoader', parent = [null]], attributes = map['org.springframework.test.context.web.ServletTestExecutionListener.activateListener' -> true]], class annotated with @DirtiesContext [false] with mode [null].
16:37:11.658 [Test worker] DEBUG org.springframework.test.context.support.TestPropertySourceUtils - Adding inlined properties to environment: {spring.jmx.enabled=false, org.springframework.boot.test.context.SpringBootTestContextBootstrapper=true}

  .   ____          _            __ _ _
 /\\ / ___'_ __ _ _(_)_ __  __ _ \ \ \ \
( ( )\___ | '_ | '_| | '_ \/ _` | \ \ \ \
 \\/  ___)| |_)| | | | | || (_| |  ) ) ) )
  '  |____| .__|_| |_|_| |_\__, | / / / /
 =========|_|==============|___/=/_/_/_/
 :: Spring Boot ::        (v2.3.3.RELEASE)

2020-09-09 16:37:11.950  INFO 81798 --- [    Test worker] s.r.cashface.CashfaceApplicationTests    : Starting CashfaceApplicationTests on MacBook-Pro-2.local with PID 81798 (started by stevejaehyeokkim in /Users/stevejaehyeokkim/Desktop/Workspace/java-spring/cashface-api)
2020-09-09 16:37:11.951  INFO 81798 --- [    Test worker] s.r.cashface.CashfaceApplicationTests    : The following profiles are active: test
2020-09-09 16:37:12.559  INFO 81798 --- [    Test worker] .s.d.r.c.RepositoryConfigurationDelegate : Bootstrapping Spring Data JPA repositories in DEFERRED mode.
2020-09-09 16:37:12.624  INFO 81798 --- [    Test worker] .s.d.r.c.RepositoryConfigurationDelegate : Finished Spring Data repository scanning in 55ms. Found 2 JPA repository interfaces.
2020-09-09 16:37:13.078  INFO 81798 --- [    Test worker] o.s.s.concurrent.ThreadPoolTaskExecutor  : Initializing ExecutorService 'applicationTaskExecutor'
2020-09-09 16:37:13.130  INFO 81798 --- [         task-1] o.hibernate.jpa.internal.util.LogHelper  : HHH000204: Processing PersistenceUnitInfo [name: default]
2020-09-09 16:37:13.182  WARN 81798 --- [    Test worker] JpaBaseConfiguration$JpaWebConfiguration : spring.jpa.open-in-view is enabled by default. Therefore, database queries may be performed during view rendering. Explicitly configure spring.jpa.open-in-view to disable this warning
2020-09-09 16:37:13.206  INFO 81798 --- [         task-1] org.hibernate.Version                    : HHH000412: Hibernate ORM core version 5.4.20.Final
2020-09-09 16:37:13.359  INFO 81798 --- [    Test worker] .s.s.UserDetailsServiceAutoConfiguration : 

Using generated security password: cc6325dd-e4e3-415f-9334-e1e9e3357e21

2020-09-09 16:37:13.382  INFO 81798 --- [         task-1] o.hibernate.annotations.common.Version   : HCANN000001: Hibernate Commons Annotations {5.1.0.Final}
2020-09-09 16:37:13.481  INFO 81798 --- [    Test worker] o.s.s.web.DefaultSecurityFilterChain     : Creating filter chain: any request, [org.springframework.security.web.context.request.async.WebAsyncManagerIntegrationFilter@15a2c82a, org.springframework.security.web.context.SecurityContextPersistenceFilter@544287e5, org.springframework.security.web.header.HeaderWriterFilter@7fd12a55, org.springframework.security.web.authentication.logout.LogoutFilter@62746546, swmaestro.revivers.cashface.filters.JwtAuthenticationFilter@6c48fe0a, org.springframework.security.web.savedrequest.RequestCacheAwareFilter@69ba834d, org.springframework.security.web.servletapi.SecurityContextHolderAwareRequestFilter@13121ce9, org.springframework.security.web.authentication.AnonymousAuthenticationFilter@64b0b7e3, org.springframework.security.web.session.SessionManagementFilter@40fa4335, org.springframework.security.web.access.ExceptionTranslationFilter@2ded1cc3]
2020-09-09 16:37:13.507  INFO 81798 --- [         task-1] com.zaxxer.hikari.HikariDataSource       : HikariPool-1 - Starting...
2020-09-09 16:37:13.754  INFO 81798 --- [         task-1] com.zaxxer.hikari.HikariDataSource       : HikariPool-1 - Start completed.
2020-09-09 16:37:13.790  INFO 81798 --- [         task-1] org.hibernate.dialect.Dialect            : HHH000400: Using dialect: org.hibernate.dialect.MySQL8Dialect
2020-09-09 16:37:14.177  INFO 81798 --- [    Test worker] DeferredRepositoryInitializationListener : Triggering deferred initialization of Spring Data repositories…
2020-09-09 16:37:14.594  INFO 81798 --- [         task-1] o.h.e.t.j.p.i.JtaPlatformInitiator       : HHH000490: Using JtaPlatform implementation: [org.hibernate.engine.transaction.jta.platform.internal.NoJtaPlatform]
2020-09-09 16:37:14.601  INFO 81798 --- [         task-1] j.LocalContainerEntityManagerFactoryBean : Initialized JPA EntityManagerFactory for persistence unit 'default'
2020-09-09 16:37:14.829  INFO 81798 --- [    Test worker] DeferredRepositoryInitializationListener : Spring Data repositories initialized!
2020-09-09 16:37:14.836  INFO 81798 --- [    Test worker] s.r.cashface.CashfaceApplicationTests    : Started CashfaceApplicationTests in 3.167 seconds (JVM running for 4.152)
]]></system-out>
  <system-err><![CDATA[]]></system-err>
</testsuite>
