<?xml version="1.0" encoding="UTF-8"?>
<testsuite name="swmaestro.revivers.cashface.interfaces.PointControllerTests" tests="2" skipped="0" failures="0" errors="0" timestamp="2020-09-09T07:37:16" hostname="MacBook-Pro-2.local" time="0.051">
  <properties/>
  <testcase name="create()" classname="swmaestro.revivers.cashface.interfaces.PointControllerTests" time="0.035"/>
  <testcase name="list()" classname="swmaestro.revivers.cashface.interfaces.PointControllerTests" time="0.014"/>
  <system-out><![CDATA[2020-09-09 16:37:15.958  INFO 81798 --- [    Test worker] .b.t.a.w.s.WebMvcTestContextBootstrapper : Neither @ContextConfiguration nor @ContextHierarchy found for test class [swmaestro.revivers.cashface.interfaces.PointControllerTests], using SpringBootContextLoader
2020-09-09 16:37:15.959  INFO 81798 --- [    Test worker] o.s.t.c.support.AbstractContextLoader    : Could not detect default resource locations for test class [swmaestro.revivers.cashface.interfaces.PointControllerTests]: no resource found for suffixes {-context.xml, Context.groovy}.
2020-09-09 16:37:15.959  INFO 81798 --- [    Test worker] t.c.s.AnnotationConfigContextLoaderUtils : Could not detect default configuration classes for test class [swmaestro.revivers.cashface.interfaces.PointControllerTests]: PointControllerTests does not declare any static, non-private, non-final, nested classes annotated with @Configuration.
2020-09-09 16:37:15.962  INFO 81798 --- [    Test worker] .b.t.c.SpringBootTestContextBootstrapper : Found @SpringBootConfiguration swmaestro.revivers.cashface.CashfaceApplication for test class swmaestro.revivers.cashface.interfaces.PointControllerTests
2020-09-09 16:37:15.963  INFO 81798 --- [    Test worker] .b.t.a.w.s.WebMvcTestContextBootstrapper : Loaded default TestExecutionListener class names from location [META-INF/spring.factories]: [org.springframework.boot.test.autoconfigure.restdocs.RestDocsTestExecutionListener, org.springframework.boot.test.autoconfigure.web.client.MockRestServiceServerResetTestExecutionListener, org.springframework.boot.test.autoconfigure.web.servlet.MockMvcPrintOnlyOnFailureTestExecutionListener, org.springframework.boot.test.autoconfigure.web.servlet.WebDriverTestExecutionListener, org.springframework.boot.test.autoconfigure.webservices.client.MockWebServiceServerTestExecutionListener, org.springframework.boot.test.mock.mockito.MockitoTestExecutionListener, org.springframework.boot.test.mock.mockito.ResetMocksTestExecutionListener, org.springframework.test.context.web.ServletTestExecutionListener, org.springframework.test.context.support.DirtiesContextBeforeModesTestExecutionListener, org.springframework.test.context.support.DependencyInjectionTestExecutionListener, org.springframework.test.context.support.DirtiesContextTestExecutionListener, org.springframework.test.context.transaction.TransactionalTestExecutionListener, org.springframework.test.context.jdbc.SqlScriptsTestExecutionListener, org.springframework.test.context.event.EventPublishingTestExecutionListener]
2020-09-09 16:37:15.963  INFO 81798 --- [    Test worker] .b.t.a.w.s.WebMvcTestContextBootstrapper : Using TestExecutionListeners: [org.springframework.test.context.web.ServletTestExecutionListener@45146c97, org.springframework.test.context.support.DirtiesContextBeforeModesTestExecutionListener@61f84264, org.springframework.boot.test.mock.mockito.MockitoTestExecutionListener@39a7e126, org.springframework.boot.test.autoconfigure.SpringBootDependencyInjectionTestExecutionListener@66c47bc2, org.springframework.test.context.support.DirtiesContextTestExecutionListener@52d359, org.springframework.test.context.transaction.TransactionalTestExecutionListener@231a4a55, org.springframework.test.context.jdbc.SqlScriptsTestExecutionListener@25b231c1, org.springframework.test.context.event.EventPublishingTestExecutionListener@60ed44de, org.springframework.boot.test.autoconfigure.restdocs.RestDocsTestExecutionListener@76339b81, org.springframework.boot.test.autoconfigure.web.client.MockRestServiceServerResetTestExecutionListener@78a3ff0, org.springframework.boot.test.autoconfigure.web.servlet.MockMvcPrintOnlyOnFailureTestExecutionListener@33022af9, org.springframework.boot.test.autoconfigure.web.servlet.WebDriverTestExecutionListener@39c353f3, org.springframework.boot.test.autoconfigure.webservices.client.MockWebServiceServerTestExecutionListener@53c628d9, org.springframework.boot.test.mock.mockito.ResetMocksTestExecutionListener@565f8ee]

  .   ____          _            __ _ _
 /\\ / ___'_ __ _ _(_)_ __  __ _ \ \ \ \
( ( )\___ | '_ | '_| | '_ \/ _` | \ \ \ \
 \\/  ___)| |_)| | | | | || (_| |  ) ) ) )
  '  |____| .__|_| |_|_| |_\__, | / / / /
 =========|_|==============|___/=/_/_/_/
 :: Spring Boot ::        (v2.3.3.RELEASE)

2020-09-09 16:37:15.988  INFO 81798 --- [    Test worker] s.r.c.interfaces.PointControllerTests    : Starting PointControllerTests on MacBook-Pro-2.local with PID 81798 (started by stevejaehyeokkim in /Users/stevejaehyeokkim/Desktop/Workspace/java-spring/cashface-api)
2020-09-09 16:37:15.988  INFO 81798 --- [    Test worker] s.r.c.interfaces.PointControllerTests    : The following profiles are active: test
2020-09-09 16:37:16.197  INFO 81798 --- [    Test worker] .s.s.UserDetailsServiceAutoConfiguration : 

Using generated security password: cb2d128f-0291-4aae-afb0-07f4dadbd6f0

2020-09-09 16:37:16.243  INFO 81798 --- [    Test worker] o.s.s.web.DefaultSecurityFilterChain     : Creating filter chain: any request, [org.springframework.security.web.context.request.async.WebAsyncManagerIntegrationFilter@24eff2e6, org.springframework.security.web.context.SecurityContextPersistenceFilter@1b58217c, org.springframework.security.web.header.HeaderWriterFilter@521e22dd, org.springframework.security.web.authentication.logout.LogoutFilter@2e0e0b0b, swmaestro.revivers.cashface.filters.JwtAuthenticationFilter@5374f03f, org.springframework.security.web.savedrequest.RequestCacheAwareFilter@3c96dfab, org.springframework.security.web.servletapi.SecurityContextHolderAwareRequestFilter@1fbd1a2e, org.springframework.security.web.authentication.AnonymousAuthenticationFilter@1b82e350, org.springframework.security.web.session.SessionManagementFilter@2d28cf20, org.springframework.security.web.access.ExceptionTranslationFilter@65484438]
2020-09-09 16:37:16.305  INFO 81798 --- [    Test worker] o.s.s.concurrent.ThreadPoolTaskExecutor  : Initializing ExecutorService 'applicationTaskExecutor'
2020-09-09 16:37:16.404  INFO 81798 --- [    Test worker] o.s.b.t.m.w.SpringBootMockServletContext : Initializing Spring TestDispatcherServlet ''
2020-09-09 16:37:16.405  INFO 81798 --- [    Test worker] o.s.t.web.servlet.TestDispatcherServlet  : Initializing Servlet ''
2020-09-09 16:37:16.411  INFO 81798 --- [    Test worker] o.s.t.web.servlet.TestDispatcherServlet  : Completed initialization in 6 ms
2020-09-09 16:37:16.419  INFO 81798 --- [    Test worker] s.r.c.interfaces.PointControllerTests    : Started PointControllerTests in 0.454 seconds (JVM running for 5.735)
]]></system-out>
  <system-err><![CDATA[]]></system-err>
</testsuite>
