<?xml version="1.0" encoding="UTF-8"?>
<testsuite name="swmaestro.revivers.cashface.interfaces.SessionControllerTests" tests="3" skipped="0" failures="0" errors="0" timestamp="2020-09-12T15:15:40" hostname="MacBook-Pro-2.local" time="0.015">
  <properties/>
  <testcase name="createWithValidAttributes()" classname="swmaestro.revivers.cashface.interfaces.SessionControllerTests" time="0.006"/>
  <testcase name="createdWithNotExistedEmail()" classname="swmaestro.revivers.cashface.interfaces.SessionControllerTests" time="0.004"/>
  <testcase name="createWithWrongPassword()" classname="swmaestro.revivers.cashface.interfaces.SessionControllerTests" time="0.004"/>
  <system-out><![CDATA[2020-09-13 00:15:40.473  INFO 88899 --- [    Test worker] .b.t.a.w.s.WebMvcTestContextBootstrapper : Neither @ContextConfiguration nor @ContextHierarchy found for test class [swmaestro.revivers.cashface.interfaces.SessionControllerTests], using SpringBootContextLoader
2020-09-13 00:15:40.474  INFO 88899 --- [    Test worker] o.s.t.c.support.AbstractContextLoader    : Could not detect default resource locations for test class [swmaestro.revivers.cashface.interfaces.SessionControllerTests]: no resource found for suffixes {-context.xml, Context.groovy}.
2020-09-13 00:15:40.474  INFO 88899 --- [    Test worker] t.c.s.AnnotationConfigContextLoaderUtils : Could not detect default configuration classes for test class [swmaestro.revivers.cashface.interfaces.SessionControllerTests]: SessionControllerTests does not declare any static, non-private, non-final, nested classes annotated with @Configuration.
2020-09-13 00:15:40.476  INFO 88899 --- [    Test worker] .b.t.c.SpringBootTestContextBootstrapper : Found @SpringBootConfiguration swmaestro.revivers.cashface.CashfaceApplication for test class swmaestro.revivers.cashface.interfaces.SessionControllerTests
2020-09-13 00:15:40.476  INFO 88899 --- [    Test worker] .b.t.a.w.s.WebMvcTestContextBootstrapper : Loaded default TestExecutionListener class names from location [META-INF/spring.factories]: [org.springframework.boot.test.autoconfigure.restdocs.RestDocsTestExecutionListener, org.springframework.boot.test.autoconfigure.web.client.MockRestServiceServerResetTestExecutionListener, org.springframework.boot.test.autoconfigure.web.servlet.MockMvcPrintOnlyOnFailureTestExecutionListener, org.springframework.boot.test.autoconfigure.web.servlet.WebDriverTestExecutionListener, org.springframework.boot.test.autoconfigure.webservices.client.MockWebServiceServerTestExecutionListener, org.springframework.boot.test.mock.mockito.MockitoTestExecutionListener, org.springframework.boot.test.mock.mockito.ResetMocksTestExecutionListener, org.springframework.test.context.web.ServletTestExecutionListener, org.springframework.test.context.support.DirtiesContextBeforeModesTestExecutionListener, org.springframework.test.context.support.DependencyInjectionTestExecutionListener, org.springframework.test.context.support.DirtiesContextTestExecutionListener, org.springframework.test.context.transaction.TransactionalTestExecutionListener, org.springframework.test.context.jdbc.SqlScriptsTestExecutionListener, org.springframework.test.context.event.EventPublishingTestExecutionListener]
2020-09-13 00:15:40.476  INFO 88899 --- [    Test worker] .b.t.a.w.s.WebMvcTestContextBootstrapper : Using TestExecutionListeners: [org.springframework.test.context.web.ServletTestExecutionListener@79be7174, org.springframework.test.context.support.DirtiesContextBeforeModesTestExecutionListener@418f34dc, org.springframework.boot.test.mock.mockito.MockitoTestExecutionListener@618cecfb, org.springframework.boot.test.autoconfigure.SpringBootDependencyInjectionTestExecutionListener@1d1e77d9, org.springframework.test.context.support.DirtiesContextTestExecutionListener@172190df, org.springframework.test.context.transaction.TransactionalTestExecutionListener@2fb06f33, org.springframework.test.context.jdbc.SqlScriptsTestExecutionListener@29dda50a, org.springframework.test.context.event.EventPublishingTestExecutionListener@4793bf57, org.springframework.boot.test.autoconfigure.restdocs.RestDocsTestExecutionListener@5c2f6812, org.springframework.boot.test.autoconfigure.web.client.MockRestServiceServerResetTestExecutionListener@70ca4d53, org.springframework.boot.test.autoconfigure.web.servlet.MockMvcPrintOnlyOnFailureTestExecutionListener@34fb53b5, org.springframework.boot.test.autoconfigure.web.servlet.WebDriverTestExecutionListener@6ec83b7a, org.springframework.boot.test.autoconfigure.webservices.client.MockWebServiceServerTestExecutionListener@4900a149, org.springframework.boot.test.mock.mockito.ResetMocksTestExecutionListener@6b02cdef]

  .   ____          _            __ _ _
 /\\ / ___'_ __ _ _(_)_ __  __ _ \ \ \ \
( ( )\___ | '_ | '_| | '_ \/ _` | \ \ \ \
 \\/  ___)| |_)| | | | | || (_| |  ) ) ) )
  '  |____| .__|_| |_|_| |_\__, | / / / /
 =========|_|==============|___/=/_/_/_/
 :: Spring Boot ::        (v2.3.3.RELEASE)

2020-09-13 00:15:40.492  INFO 88899 --- [    Test worker] s.r.c.interfaces.SessionControllerTests  : Starting SessionControllerTests on MacBook-Pro-2.local with PID 88899 (started by stevejaehyeokkim in /Users/stevejaehyeokkim/Desktop/Workspace/java-spring/cashface-api)
2020-09-13 00:15:40.493  INFO 88899 --- [    Test worker] s.r.c.interfaces.SessionControllerTests  : The following profiles are active: test
2020-09-13 00:15:40.637  INFO 88899 --- [    Test worker] .s.s.UserDetailsServiceAutoConfiguration : 

Using generated security password: 7d2e524c-2d88-4fc6-a4ac-6f3f7c5b08d7

2020-09-13 00:15:40.673  INFO 88899 --- [    Test worker] o.s.s.web.DefaultSecurityFilterChain     : Creating filter chain: any request, [org.springframework.security.web.context.request.async.WebAsyncManagerIntegrationFilter@28f9f4ee, org.springframework.security.web.context.SecurityContextPersistenceFilter@5bbf077d, org.springframework.security.web.header.HeaderWriterFilter@73206e49, org.springframework.security.web.authentication.logout.LogoutFilter@748058cd, swmaestro.revivers.cashface.filters.JwtAuthenticationFilter@17db689d, org.springframework.security.web.savedrequest.RequestCacheAwareFilter@399cb724, org.springframework.security.web.servletapi.SecurityContextHolderAwareRequestFilter@493ed478, org.springframework.security.web.authentication.AnonymousAuthenticationFilter@795ff12c, org.springframework.security.web.session.SessionManagementFilter@40dbcb97, org.springframework.security.web.access.ExceptionTranslationFilter@5c17cac4]
2020-09-13 00:15:40.743  INFO 88899 --- [    Test worker] o.s.s.concurrent.ThreadPoolTaskExecutor  : Initializing ExecutorService 'applicationTaskExecutor'
2020-09-13 00:15:40.807  INFO 88899 --- [    Test worker] o.s.b.t.m.w.SpringBootMockServletContext : Initializing Spring TestDispatcherServlet ''
2020-09-13 00:15:40.807  INFO 88899 --- [    Test worker] o.s.t.web.servlet.TestDispatcherServlet  : Initializing Servlet ''
2020-09-13 00:15:40.810  INFO 88899 --- [    Test worker] o.s.t.web.servlet.TestDispatcherServlet  : Completed initialization in 3 ms
2020-09-13 00:15:40.816  INFO 88899 --- [    Test worker] s.r.c.interfaces.SessionControllerTests  : Started SessionControllerTests in 0.338 seconds (JVM running for 4.952)
]]></system-out>
  <system-err><![CDATA[]]></system-err>
</testsuite>
