<?xml version="1.0" encoding="UTF-8"?>
<testsuite name="swmaestro.revivers.cashface.application.UserServiceTests" tests="4" skipped="0" failures="0" errors="0" timestamp="2020-09-09T07:37:15" hostname="MacBook-Pro-2.local" time="0.106">
  <properties/>
  <testcase name="authenticateWithNotExistedEmail()" classname="swmaestro.revivers.cashface.application.UserServiceTests" time="0.095"/>
  <testcase name="registerUser()" classname="swmaestro.revivers.cashface.application.UserServiceTests" time="0.003"/>
  <testcase name="authenticateWithValidAttributes()" classname="swmaestro.revivers.cashface.application.UserServiceTests" time="0.002"/>
  <testcase name="authenticateWithWrongPassword()" classname="swmaestro.revivers.cashface.application.UserServiceTests" time="0.003"/>
  <system-out><![CDATA[]]></system-out>
  <system-err><![CDATA[]]></system-err>
</testsuite>
