<?xml version="1.0" encoding="UTF-8"?>
<testsuite name="swmaestro.revivers.cashface.CashfaceApplicationTests" tests="1" skipped="0" failures="0" errors="0" timestamp="2020-09-12T14:17:39" hostname="MacBook-Pro-2.local" time="0.13">
  <properties/>
  <testcase name="contextLoads()" classname="swmaestro.revivers.cashface.CashfaceApplicationTests" time="0.13"/>
  <system-out><![CDATA[23:17:36.096 [Test worker] DEBUG org.springframework.test.context.BootstrapUtils - Instantiating CacheAwareContextLoaderDelegate from class [org.springframework.test.context.cache.DefaultCacheAwareContextLoaderDelegate]
23:17:36.110 [Test worker] DEBUG org.springframework.test.context.BootstrapUtils - Instantiating BootstrapContext using constructor [public org.springframework.test.context.support.DefaultBootstrapContext(java.lang.Class,org.springframework.test.context.CacheAwareContextLoaderDelegate)]
23:17:36.138 [Test worker] DEBUG org.springframework.test.context.BootstrapUtils - Instantiating TestContextBootstrapper for test class [swmaestro.revivers.cashface.CashfaceApplicationTests] from class [org.springframework.boot.test.context.SpringBootTestContextBootstrapper]
23:17:36.153 [Test worker] INFO org.springframework.boot.test.context.SpringBootTestContextBootstrapper - Neither @ContextConfiguration nor @ContextHierarchy found for test class [swmaestro.revivers.cashface.CashfaceApplicationTests], using SpringBootContextLoader
23:17:36.158 [Test worker] DEBUG org.springframework.test.context.support.AbstractContextLoader - Did not detect default resource location for test class [swmaestro.revivers.cashface.CashfaceApplicationTests]: class path resource [swmaestro/revivers/cashface/CashfaceApplicationTests-context.xml] does not exist
23:17:36.159 [Test worker] DEBUG org.springframework.test.context.support.AbstractContextLoader - Did not detect default resource location for test class [swmaestro.revivers.cashface.CashfaceApplicationTests]: class path resource [swmaestro/revivers/cashface/CashfaceApplicationTestsContext.groovy] does not exist
23:17:36.159 [Test worker] INFO org.springframework.test.context.support.AbstractContextLoader - Could not detect default resource locations for test class [swmaestro.revivers.cashface.CashfaceApplicationTests]: no resource found for suffixes {-context.xml, Context.groovy}.
23:17:36.160 [Test worker] INFO org.springframework.test.context.support.AnnotationConfigContextLoaderUtils - Could not detect default configuration classes for test class [swmaestro.revivers.cashface.CashfaceApplicationTests]: CashfaceApplicationTests does not declare any static, non-private, non-final, nested classes annotated with @Configuration.
23:17:36.207 [Test worker] DEBUG org.springframework.test.context.support.ActiveProfilesUtils - Could not find an 'annotation declaring class' for annotation type [org.springframework.test.context.ActiveProfiles] and class [swmaestro.revivers.cashface.CashfaceApplicationTests]
23:17:36.278 [Test worker] DEBUG org.springframework.context.annotation.ClassPathScanningCandidateComponentProvider - Identified candidate component class: file [/Users/stevejaehyeokkim/Desktop/Workspace/java-spring/cashface-api/build/classes/java/main/swmaestro/revivers/cashface/CashfaceApplication.class]
23:17:36.287 [Test worker] INFO org.springframework.boot.test.context.SpringBootTestContextBootstrapper - Found @SpringBootConfiguration swmaestro.revivers.cashface.CashfaceApplication for test class swmaestro.revivers.cashface.CashfaceApplicationTests
23:17:36.360 [Test worker] DEBUG org.springframework.boot.test.context.SpringBootTestContextBootstrapper - @TestExecutionListeners is not present for class [swmaestro.revivers.cashface.CashfaceApplicationTests]: using defaults.
23:17:36.361 [Test worker] INFO org.springframework.boot.test.context.SpringBootTestContextBootstrapper - Loaded default TestExecutionListener class names from location [META-INF/spring.factories]: [org.springframework.boot.test.autoconfigure.restdocs.RestDocsTestExecutionListener, org.springframework.boot.test.autoconfigure.web.client.MockRestServiceServerResetTestExecutionListener, org.springframework.boot.test.autoconfigure.web.servlet.MockMvcPrintOnlyOnFailureTestExecutionListener, org.springframework.boot.test.autoconfigure.web.servlet.WebDriverTestExecutionListener, org.springframework.boot.test.autoconfigure.webservices.client.MockWebServiceServerTestExecutionListener, org.springframework.boot.test.mock.mockito.MockitoTestExecutionListener, org.springframework.boot.test.mock.mockito.ResetMocksTestExecutionListener, org.springframework.test.context.web.ServletTestExecutionListener, org.springframework.test.context.support.DirtiesContextBeforeModesTestExecutionListener, org.springframework.test.context.support.DependencyInjectionTestExecutionListener, org.springframework.test.context.support.DirtiesContextTestExecutionListener, org.springframework.test.context.transaction.TransactionalTestExecutionListener, org.springframework.test.context.jdbc.SqlScriptsTestExecutionListener, org.springframework.test.context.event.EventPublishingTestExecutionListener]
23:17:36.373 [Test worker] INFO org.springframework.boot.test.context.SpringBootTestContextBootstrapper - Using TestExecutionListeners: [org.springframework.test.context.web.ServletTestExecutionListener@4ce61fb3, org.springframework.test.context.support.DirtiesContextBeforeModesTestExecutionListener@7b4badca, org.springframework.boot.test.mock.mockito.MockitoTestExecutionListener@4135f22, org.springframework.boot.test.autoconfigure.SpringBootDependencyInjectionTestExecutionListener@4e9d3ff7, org.springframework.test.context.support.DirtiesContextTestExecutionListener@327aaa10, org.springframework.test.context.transaction.TransactionalTestExecutionListener@14796468, org.springframework.test.context.jdbc.SqlScriptsTestExecutionListener@a0dd38a, org.springframework.test.context.event.EventPublishingTestExecutionListener@2dc837bb, org.springframework.boot.test.autoconfigure.restdocs.RestDocsTestExecutionListener@4a852238, org.springframework.boot.test.autoconfigure.web.client.MockRestServiceServerResetTestExecutionListener@15804524, org.springframework.boot.test.autoconfigure.web.servlet.MockMvcPrintOnlyOnFailureTestExecutionListener@7175459d, org.springframework.boot.test.autoconfigure.web.servlet.WebDriverTestExecutionListener@1decc1e7, org.springframework.boot.test.autoconfigure.webservices.client.MockWebServiceServerTestExecutionListener@7e9bb480, org.springframework.boot.test.mock.mockito.ResetMocksTestExecutionListener@69a56712]
23:17:36.375 [Test worker] DEBUG org.springframework.test.context.support.AbstractDirtiesContextTestExecutionListener - Before test class: context [DefaultTestContext@2e7420d9 testClass = CashfaceApplicationTests, testInstance = [null], testMethod = [null], testException = [null], mergedContextConfiguration = [WebMergedContextConfiguration@2ee8eec6 testClass = CashfaceApplicationTests, locations = '{}', classes = '{class swmaestro.revivers.cashface.CashfaceApplication}', contextInitializerClasses = '[]', activeProfiles = '{}', propertySourceLocations = '{}', propertySourceProperties = '{org.springframework.boot.test.context.SpringBootTestContextBootstrapper=true}', contextCustomizers = set[org.springframework.boot.test.autoconfigure.properties.PropertyMappingContextCustomizer@0, org.springframework.boot.test.autoconfigure.web.servlet.WebDriverContextCustomizerFactory$Customizer@c3f9983, org.springframework.boot.test.context.filter.ExcludeFilterContextCustomizer@6a33c2f2, org.springframework.boot.test.json.DuplicateJsonObjectContextCustomizerFactory$DuplicateJsonObjectContextCustomizer@613cc66a, org.springframework.boot.test.mock.mockito.MockitoContextCustomizer@0, org.springframework.boot.test.web.client.TestRestTemplateContextCustomizer@67d1a9e3, org.springframework.boot.test.context.SpringBootTestArgs@1], resourceBasePath = 'src/main/webapp', contextLoader = 'org.springframework.boot.test.context.SpringBootContextLoader', parent = [null]], attributes = map['org.springframework.test.context.web.ServletTestExecutionListener.activateListener' -> true]], class annotated with @DirtiesContext [false] with mode [null].
23:17:36.397 [Test worker] DEBUG org.springframework.test.context.support.TestPropertySourceUtils - Adding inlined properties to environment: {spring.jmx.enabled=false, org.springframework.boot.test.context.SpringBootTestContextBootstrapper=true}

  .   ____          _            __ _ _
 /\\ / ___'_ __ _ _(_)_ __  __ _ \ \ \ \
( ( )\___ | '_ | '_| | '_ \/ _` | \ \ \ \
 \\/  ___)| |_)| | | | | || (_| |  ) ) ) )
  '  |____| .__|_| |_|_| |_\__, | / / / /
 =========|_|==============|___/=/_/_/_/
 :: Spring Boot ::        (v2.3.3.RELEASE)

2020-09-12 23:17:36.705  INFO 88572 --- [    Test worker] s.r.cashface.CashfaceApplicationTests    : Starting CashfaceApplicationTests on MacBook-Pro-2.local with PID 88572 (started by stevejaehyeokkim in /Users/stevejaehyeokkim/Desktop/Workspace/java-spring/cashface-api)
2020-09-12 23:17:36.707  INFO 88572 --- [    Test worker] s.r.cashface.CashfaceApplicationTests    : The following profiles are active: test
2020-09-12 23:17:37.399  INFO 88572 --- [    Test worker] .s.d.r.c.RepositoryConfigurationDelegate : Bootstrapping Spring Data JPA repositories in DEFERRED mode.
2020-09-12 23:17:37.446  INFO 88572 --- [    Test worker] .s.d.r.c.RepositoryConfigurationDelegate : Finished Spring Data repository scanning in 40ms. Found 2 JPA repository interfaces.
2020-09-12 23:17:37.864  INFO 88572 --- [    Test worker] o.s.s.concurrent.ThreadPoolTaskExecutor  : Initializing ExecutorService 'applicationTaskExecutor'
2020-09-12 23:17:37.930  INFO 88572 --- [         task-1] o.hibernate.jpa.internal.util.LogHelper  : HHH000204: Processing PersistenceUnitInfo [name: default]
2020-09-12 23:17:37.993  WARN 88572 --- [    Test worker] JpaBaseConfiguration$JpaWebConfiguration : spring.jpa.open-in-view is enabled by default. Therefore, database queries may be performed during view rendering. Explicitly configure spring.jpa.open-in-view to disable this warning
2020-09-12 23:17:37.997  INFO 88572 --- [         task-1] org.hibernate.Version                    : HHH000412: Hibernate ORM core version 5.4.20.Final
2020-09-12 23:17:38.202  INFO 88572 --- [         task-1] o.hibernate.annotations.common.Version   : HCANN000001: Hibernate Commons Annotations {5.1.0.Final}
2020-09-12 23:17:38.257  INFO 88572 --- [    Test worker] .s.s.UserDetailsServiceAutoConfiguration : 

Using generated security password: 81174648-3009-4ffd-9642-d207982e56fd

2020-09-12 23:17:38.332  INFO 88572 --- [         task-1] com.zaxxer.hikari.HikariDataSource       : HikariPool-1 - Starting...
2020-09-12 23:17:38.390  INFO 88572 --- [    Test worker] o.s.s.web.DefaultSecurityFilterChain     : Creating filter chain: any request, [org.springframework.security.web.context.request.async.WebAsyncManagerIntegrationFilter@581ecb30, org.springframework.security.web.context.SecurityContextPersistenceFilter@62f8e0a9, org.springframework.security.web.header.HeaderWriterFilter@5169729d, org.springframework.security.web.authentication.logout.LogoutFilter@617acd5f, swmaestro.revivers.cashface.filters.JwtAuthenticationFilter@6499ca37, org.springframework.security.web.savedrequest.RequestCacheAwareFilter@51227406, org.springframework.security.web.servletapi.SecurityContextHolderAwareRequestFilter@1fc5d78b, org.springframework.security.web.authentication.AnonymousAuthenticationFilter@54937950, org.springframework.security.web.session.SessionManagementFilter@3fe665df, org.springframework.security.web.access.ExceptionTranslationFilter@d05e72a]
2020-09-12 23:17:38.492  INFO 88572 --- [         task-1] com.zaxxer.hikari.HikariDataSource       : HikariPool-1 - Start completed.
2020-09-12 23:17:38.539  INFO 88572 --- [         task-1] org.hibernate.dialect.Dialect            : HHH000400: Using dialect: org.hibernate.dialect.MySQL8Dialect
2020-09-12 23:17:39.142  INFO 88572 --- [    Test worker] DeferredRepositoryInitializationListener : Triggering deferred initialization of Spring Data repositories…
2020-09-12 23:17:39.372  INFO 88572 --- [         task-1] o.h.e.t.j.p.i.JtaPlatformInitiator       : HHH000490: Using JtaPlatform implementation: [org.hibernate.engine.transaction.jta.platform.internal.NoJtaPlatform]
2020-09-12 23:17:39.380  INFO 88572 --- [         task-1] j.LocalContainerEntityManagerFactoryBean : Initialized JPA EntityManagerFactory for persistence unit 'default'
2020-09-12 23:17:39.583  INFO 88572 --- [    Test worker] DeferredRepositoryInitializationListener : Spring Data repositories initialized!
2020-09-12 23:17:39.590  INFO 88572 --- [    Test worker] s.r.cashface.CashfaceApplicationTests    : Started CashfaceApplicationTests in 3.186 seconds (JVM running for 4.103)
]]></system-out>
  <system-err><![CDATA[]]></system-err>
</testsuite>
