<?xml version="1.0" encoding="UTF-8"?>
<testsuite name="swmaestro.revivers.cashface.interfaces.UserControllerTests" tests="3" skipped="0" failures="0" errors="0" timestamp="2020-09-12T15:33:01" hostname="MacBook-Pro-2.local" time="0.13">
  <properties/>
  <testcase name="getTotalPointsOfNotExistingUser()" classname="swmaestro.revivers.cashface.interfaces.UserControllerTests" time="0.046"/>
  <testcase name="getTotalPoints()" classname="swmaestro.revivers.cashface.interfaces.UserControllerTests" time="0.026"/>
  <testcase name="create()" classname="swmaestro.revivers.cashface.interfaces.UserControllerTests" time="0.056"/>
  <system-out><![CDATA[2020-09-13 00:33:00.946  INFO 89181 --- [    Test worker] .b.t.a.w.s.WebMvcTestContextBootstrapper : Neither @ContextConfiguration nor @ContextHierarchy found for test class [swmaestro.revivers.cashface.interfaces.UserControllerTests], using SpringBootContextLoader
2020-09-13 00:33:00.947  INFO 89181 --- [    Test worker] o.s.t.c.support.AbstractContextLoader    : Could not detect default resource locations for test class [swmaestro.revivers.cashface.interfaces.UserControllerTests]: no resource found for suffixes {-context.xml, Context.groovy}.
2020-09-13 00:33:00.947  INFO 89181 --- [    Test worker] t.c.s.AnnotationConfigContextLoaderUtils : Could not detect default configuration classes for test class [swmaestro.revivers.cashface.interfaces.UserControllerTests]: UserControllerTests does not declare any static, non-private, non-final, nested classes annotated with @Configuration.
2020-09-13 00:33:00.959  INFO 89181 --- [    Test worker] .b.t.c.SpringBootTestContextBootstrapper : Found @SpringBootConfiguration swmaestro.revivers.cashface.CashfaceApplication for test class swmaestro.revivers.cashface.interfaces.UserControllerTests
2020-09-13 00:33:00.959  INFO 89181 --- [    Test worker] .b.t.a.w.s.WebMvcTestContextBootstrapper : Loaded default TestExecutionListener class names from location [META-INF/spring.factories]: [org.springframework.boot.test.autoconfigure.restdocs.RestDocsTestExecutionListener, org.springframework.boot.test.autoconfigure.web.client.MockRestServiceServerResetTestExecutionListener, org.springframework.boot.test.autoconfigure.web.servlet.MockMvcPrintOnlyOnFailureTestExecutionListener, org.springframework.boot.test.autoconfigure.web.servlet.WebDriverTestExecutionListener, org.springframework.boot.test.autoconfigure.webservices.client.MockWebServiceServerTestExecutionListener, org.springframework.boot.test.mock.mockito.MockitoTestExecutionListener, org.springframework.boot.test.mock.mockito.ResetMocksTestExecutionListener, org.springframework.test.context.web.ServletTestExecutionListener, org.springframework.test.context.support.DirtiesContextBeforeModesTestExecutionListener, org.springframework.test.context.support.DependencyInjectionTestExecutionListener, org.springframework.test.context.support.DirtiesContextTestExecutionListener, org.springframework.test.context.transaction.TransactionalTestExecutionListener, org.springframework.test.context.jdbc.SqlScriptsTestExecutionListener, org.springframework.test.context.event.EventPublishingTestExecutionListener]
2020-09-13 00:33:00.960  INFO 89181 --- [    Test worker] .b.t.a.w.s.WebMvcTestContextBootstrapper : Using TestExecutionListeners: [org.springframework.test.context.web.ServletTestExecutionListener@2e2f223b, org.springframework.test.context.support.DirtiesContextBeforeModesTestExecutionListener@1caf6439, org.springframework.boot.test.mock.mockito.MockitoTestExecutionListener@61cf9112, org.springframework.boot.test.autoconfigure.SpringBootDependencyInjectionTestExecutionListener@3ce481e8, org.springframework.test.context.support.DirtiesContextTestExecutionListener@6b8d42b5, org.springframework.test.context.transaction.TransactionalTestExecutionListener@c646d51, org.springframework.test.context.jdbc.SqlScriptsTestExecutionListener@113e2ace, org.springframework.test.context.event.EventPublishingTestExecutionListener@9cd02c0, org.springframework.boot.test.autoconfigure.restdocs.RestDocsTestExecutionListener@85471a6, org.springframework.boot.test.autoconfigure.web.client.MockRestServiceServerResetTestExecutionListener@27759b18, org.springframework.boot.test.autoconfigure.web.servlet.MockMvcPrintOnlyOnFailureTestExecutionListener@47fdad62, org.springframework.boot.test.autoconfigure.web.servlet.WebDriverTestExecutionListener@26476c5f, org.springframework.boot.test.autoconfigure.webservices.client.MockWebServiceServerTestExecutionListener@d35e070, org.springframework.boot.test.mock.mockito.ResetMocksTestExecutionListener@6131795]

  .   ____          _            __ _ _
 /\\ / ___'_ __ _ _(_)_ __  __ _ \ \ \ \
( ( )\___ | '_ | '_| | '_ \/ _` | \ \ \ \
 \\/  ___)| |_)| | | | | || (_| |  ) ) ) )
  '  |____| .__|_| |_|_| |_\__, | / / / /
 =========|_|==============|___/=/_/_/_/
 :: Spring Boot ::        (v2.3.3.RELEASE)

2020-09-13 00:33:00.979  INFO 89181 --- [    Test worker] s.r.c.interfaces.UserControllerTests     : Starting UserControllerTests on MacBook-Pro-2.local with PID 89181 (started by stevejaehyeokkim in /Users/stevejaehyeokkim/Desktop/Workspace/java-spring/cashface-api)
2020-09-13 00:33:00.979  INFO 89181 --- [    Test worker] s.r.c.interfaces.UserControllerTests     : The following profiles are active: test
2020-09-13 00:33:01.158  INFO 89181 --- [    Test worker] .s.s.UserDetailsServiceAutoConfiguration : 

Using generated security password: bf4c4ff6-99d6-4091-a4fe-2d5da4ac24bb

2020-09-13 00:33:01.209  INFO 89181 --- [    Test worker] o.s.s.web.DefaultSecurityFilterChain     : Creating filter chain: any request, [org.springframework.security.web.context.request.async.WebAsyncManagerIntegrationFilter@21e28fac, org.springframework.security.web.context.SecurityContextPersistenceFilter@6d9a7dd1, org.springframework.security.web.header.HeaderWriterFilter@d9454be, org.springframework.security.web.authentication.logout.LogoutFilter@122fe580, swmaestro.revivers.cashface.filters.JwtAuthenticationFilter@493e6b20, org.springframework.security.web.savedrequest.RequestCacheAwareFilter@7c09feef, org.springframework.security.web.servletapi.SecurityContextHolderAwareRequestFilter@53176474, org.springframework.security.web.authentication.AnonymousAuthenticationFilter@4ed52f9e, org.springframework.security.web.session.SessionManagementFilter@3898e2ac, org.springframework.security.web.access.ExceptionTranslationFilter@21a60481]
2020-09-13 00:33:01.284  INFO 89181 --- [    Test worker] o.s.s.concurrent.ThreadPoolTaskExecutor  : Initializing ExecutorService 'applicationTaskExecutor'
2020-09-13 00:33:01.371  INFO 89181 --- [    Test worker] o.s.b.t.m.w.SpringBootMockServletContext : Initializing Spring TestDispatcherServlet ''
2020-09-13 00:33:01.371  INFO 89181 --- [    Test worker] o.s.t.web.servlet.TestDispatcherServlet  : Initializing Servlet ''
2020-09-13 00:33:01.378  INFO 89181 --- [    Test worker] o.s.t.web.servlet.TestDispatcherServlet  : Completed initialization in 7 ms
2020-09-13 00:33:01.387  INFO 89181 --- [    Test worker] s.r.c.interfaces.UserControllerTests     : Started UserControllerTests in 0.425 seconds (JVM running for 4.052)
]]></system-out>
  <system-err><![CDATA[]]></system-err>
</testsuite>
