<?xml version="1.0" encoding="UTF-8"?>
<testsuite name="swmaestro.revivers.cashface.interfaces.PointControllerTests" tests="2" skipped="0" failures="0" errors="0" timestamp="2020-09-12T15:15:40" hostname="MacBook-Pro-2.local" time="0.07">
  <properties/>
  <testcase name="create()" classname="swmaestro.revivers.cashface.interfaces.PointControllerTests" time="0.058"/>
  <testcase name="list()" classname="swmaestro.revivers.cashface.interfaces.PointControllerTests" time="0.01"/>
  <system-out><![CDATA[2020-09-13 00:15:40.049  INFO 88899 --- [    Test worker] .b.t.a.w.s.WebMvcTestContextBootstrapper : Neither @ContextConfiguration nor @ContextHierarchy found for test class [swmaestro.revivers.cashface.interfaces.PointControllerTests], using SpringBootContextLoader
2020-09-13 00:15:40.050  INFO 88899 --- [    Test worker] o.s.t.c.support.AbstractContextLoader    : Could not detect default resource locations for test class [swmaestro.revivers.cashface.interfaces.PointControllerTests]: no resource found for suffixes {-context.xml, Context.groovy}.
2020-09-13 00:15:40.050  INFO 88899 --- [    Test worker] t.c.s.AnnotationConfigContextLoaderUtils : Could not detect default configuration classes for test class [swmaestro.revivers.cashface.interfaces.PointControllerTests]: PointControllerTests does not declare any static, non-private, non-final, nested classes annotated with @Configuration.
2020-09-13 00:15:40.052  INFO 88899 --- [    Test worker] .b.t.c.SpringBootTestContextBootstrapper : Found @SpringBootConfiguration swmaestro.revivers.cashface.CashfaceApplication for test class swmaestro.revivers.cashface.interfaces.PointControllerTests
2020-09-13 00:15:40.052  INFO 88899 --- [    Test worker] .b.t.a.w.s.WebMvcTestContextBootstrapper : Loaded default TestExecutionListener class names from location [META-INF/spring.factories]: [org.springframework.boot.test.autoconfigure.restdocs.RestDocsTestExecutionListener, org.springframework.boot.test.autoconfigure.web.client.MockRestServiceServerResetTestExecutionListener, org.springframework.boot.test.autoconfigure.web.servlet.MockMvcPrintOnlyOnFailureTestExecutionListener, org.springframework.boot.test.autoconfigure.web.servlet.WebDriverTestExecutionListener, org.springframework.boot.test.autoconfigure.webservices.client.MockWebServiceServerTestExecutionListener, org.springframework.boot.test.mock.mockito.MockitoTestExecutionListener, org.springframework.boot.test.mock.mockito.ResetMocksTestExecutionListener, org.springframework.test.context.web.ServletTestExecutionListener, org.springframework.test.context.support.DirtiesContextBeforeModesTestExecutionListener, org.springframework.test.context.support.DependencyInjectionTestExecutionListener, org.springframework.test.context.support.DirtiesContextTestExecutionListener, org.springframework.test.context.transaction.TransactionalTestExecutionListener, org.springframework.test.context.jdbc.SqlScriptsTestExecutionListener, org.springframework.test.context.event.EventPublishingTestExecutionListener]
2020-09-13 00:15:40.052  INFO 88899 --- [    Test worker] .b.t.a.w.s.WebMvcTestContextBootstrapper : Using TestExecutionListeners: [org.springframework.test.context.web.ServletTestExecutionListener@3d749bdc, org.springframework.test.context.support.DirtiesContextBeforeModesTestExecutionListener@18f8efc0, org.springframework.boot.test.mock.mockito.MockitoTestExecutionListener@3f3fb39e, org.springframework.boot.test.autoconfigure.SpringBootDependencyInjectionTestExecutionListener@5c5838ef, org.springframework.test.context.support.DirtiesContextTestExecutionListener@456bf2c3, org.springframework.test.context.transaction.TransactionalTestExecutionListener@1ab29341, org.springframework.test.context.jdbc.SqlScriptsTestExecutionListener@58d370ca, org.springframework.test.context.event.EventPublishingTestExecutionListener@4551b47f, org.springframework.boot.test.autoconfigure.restdocs.RestDocsTestExecutionListener@5fb6bbfc, org.springframework.boot.test.autoconfigure.web.client.MockRestServiceServerResetTestExecutionListener@511013d0, org.springframework.boot.test.autoconfigure.web.servlet.MockMvcPrintOnlyOnFailureTestExecutionListener@12066c18, org.springframework.boot.test.autoconfigure.web.servlet.WebDriverTestExecutionListener@5abcd06b, org.springframework.boot.test.autoconfigure.webservices.client.MockWebServiceServerTestExecutionListener@30bfe99b, org.springframework.boot.test.mock.mockito.ResetMocksTestExecutionListener@61e0f2cf]

  .   ____          _            __ _ _
 /\\ / ___'_ __ _ _(_)_ __  __ _ \ \ \ \
( ( )\___ | '_ | '_| | '_ \/ _` | \ \ \ \
 \\/  ___)| |_)| | | | | || (_| |  ) ) ) )
  '  |____| .__|_| |_|_| |_\__, | / / / /
 =========|_|==============|___/=/_/_/_/
 :: Spring Boot ::        (v2.3.3.RELEASE)

2020-09-13 00:15:40.068  INFO 88899 --- [    Test worker] s.r.c.interfaces.PointControllerTests    : Starting PointControllerTests on MacBook-Pro-2.local with PID 88899 (started by stevejaehyeokkim in /Users/stevejaehyeokkim/Desktop/Workspace/java-spring/cashface-api)
2020-09-13 00:15:40.068  INFO 88899 --- [    Test worker] s.r.c.interfaces.PointControllerTests    : The following profiles are active: test
2020-09-13 00:15:40.212  INFO 88899 --- [    Test worker] .s.s.UserDetailsServiceAutoConfiguration : 

Using generated security password: 5c583446-5bad-4c89-b3f4-dc598f041f43

2020-09-13 00:15:40.242  INFO 88899 --- [    Test worker] o.s.s.web.DefaultSecurityFilterChain     : Creating filter chain: any request, [org.springframework.security.web.context.request.async.WebAsyncManagerIntegrationFilter@2b0e2ed, org.springframework.security.web.context.SecurityContextPersistenceFilter@19d3b559, org.springframework.security.web.header.HeaderWriterFilter@281b483b, org.springframework.security.web.authentication.logout.LogoutFilter@5773c43c, swmaestro.revivers.cashface.filters.JwtAuthenticationFilter@637be895, org.springframework.security.web.savedrequest.RequestCacheAwareFilter@41029285, org.springframework.security.web.servletapi.SecurityContextHolderAwareRequestFilter@33aa500e, org.springframework.security.web.authentication.AnonymousAuthenticationFilter@4603ab81, org.springframework.security.web.session.SessionManagementFilter@748298ca, org.springframework.security.web.access.ExceptionTranslationFilter@6727e5db]
2020-09-13 00:15:40.306  INFO 88899 --- [    Test worker] o.s.s.concurrent.ThreadPoolTaskExecutor  : Initializing ExecutorService 'applicationTaskExecutor'
2020-09-13 00:15:40.384  INFO 88899 --- [    Test worker] o.s.b.t.m.w.SpringBootMockServletContext : Initializing Spring TestDispatcherServlet ''
2020-09-13 00:15:40.384  INFO 88899 --- [    Test worker] o.s.t.web.servlet.TestDispatcherServlet  : Initializing Servlet ''
2020-09-13 00:15:40.389  INFO 88899 --- [    Test worker] o.s.t.web.servlet.TestDispatcherServlet  : Completed initialization in 5 ms
2020-09-13 00:15:40.398  INFO 88899 --- [    Test worker] s.r.c.interfaces.PointControllerTests    : Started PointControllerTests in 0.344 seconds (JVM running for 4.533)
]]></system-out>
  <system-err><![CDATA[]]></system-err>
</testsuite>
