<?xml version="1.0" encoding="UTF-8"?>
<testsuite name="swmaestro.revivers.cashface.application.UserServiceTests" tests="4" skipped="0" failures="0" errors="0" timestamp="2020-09-08T16:44:14" hostname="MacBook-Pro-2.local" time="0.155">
  <properties/>
  <testcase name="authenticateWithNotExistedEmail()" classname="swmaestro.revivers.cashface.application.UserServiceTests" time="0.13"/>
  <testcase name="registerUser()" classname="swmaestro.revivers.cashface.application.UserServiceTests" time="0.009"/>
  <testcase name="authenticateWithValidAttributes()" classname="swmaestro.revivers.cashface.application.UserServiceTests" time="0.003"/>
  <testcase name="authenticateWithWrongPassword()" classname="swmaestro.revivers.cashface.application.UserServiceTests" time="0.004"/>
  <system-out><![CDATA[]]></system-out>
  <system-err><![CDATA[]]></system-err>
</testsuite>
